2025-07-26T21:58:22.6727453Z,Updating submodules.,ffd3f270-e183-49dd-a592-fe6f60492996,0
2025-07-26T21:58:23.7606902Z,Preparing deployment for commit id 'd989d4dc-a'.,74c9499d-65d5-4e23-aed7-9da1545cee0d,0
2025-07-26T21:58:24.0266387Z,PreDeployment: context.CleanOutputPath False,0f6334a3-af49-4556-a530-dbb30debb106,0
2025-07-26T21:58:24.1083843Z,PreDeployment: context.OutputPath /home/site/wwwroot,32914e68-8baa-421c-a74d-6684b5aa913d,0
2025-07-26T21:58:24.2347703Z,Generating deployment script.,18968512-3e86-49f6-b301-7ccfdf72efb7,0
2025-07-26T21:58:24.3191755Z,NodeProjectOptimizer Initialized with repository path: /tmp/zipdeploy/extracted and output path: /home/site/wwwroot ,323e19d9-75ba-4973-b124-a392b256ceb2,0
2025-07-26T21:58:24.4049623Z,Optimizing build...,061b4485-7511-4651-8da0-c229a6de1d81,0
2025-07-26T21:58:24.5066912Z,Zipping node_modules...,adcf00f4-b205-4478-99c6-6c9936d56647,0
	2025-07-26T21:58:24.5147900Z,Command: /opt/Kudu/Scripts/absoluteTar.sh /tmp/zipdeploy/extracted/node_modules /tmp/zipdeploy/extracted/node_modules.tar.gz,,0
	2025-07-26T21:58:29.9859011Z,Zipped /tmp/zipdeploy/extracted/node_modules to /tmp/zipdeploy/extracted/node_modules.tar.gz done successfully,,0
2025-07-26T21:58:30.1152649Z,Zipped Node Modules to /tmp/zipdeploy/extracted/node_modules.tar.gz,dfcb924f-3741-4cb8-98e6-f1b1b0227570,0
2025-07-26T21:58:30.2060799Z,Express Node Deploy: Running rsync...,0833fce6-87e7-4f43-9d5c-33514075899a,0
	2025-07-26T21:58:30.2147862Z,Command: /opt/Kudu/Scripts/parallel_rsync.sh /tmp/zipdeploy/extracted /home/site/wwwroot 8 /tmp/ False True node_modules ,,0
	2025-07-26T21:58:30.3235780Z,Run rsync from: /tmp/zipdeploy/extracted/ to: /home/site/wwwroot/ in 8 parallel threads,,0
	2025-07-26T21:58:30.3709497Z,Delete options: clean=False&comma; use manifest=True&comma; directory to ignore=node_modules,,0
	2025-07-26T21:58:30.4005112Z,Prev manifest = /opt/Kudu/Scripts/firstDeploymentManifest and next /home/site/deployments/d989d4dc-a42d-4ef6-815f-2efdbf7dfd3f/manifest,,0
	2025-07-26T21:58:30.4307506Z,Cleaning up /tmp//filelist.txt and /tmp//splits,,0
	2025-07-26T21:58:30.4707393Z,Creating a list of all files at /tmp//filelist.txt,,0
	2025-07-26T21:58:30.5110531Z,Excluding: node_modules,,0
	2025-07-26T21:58:30.5517739Z,Created /tmp//filelist.txt. Total number of files to be synced = 15.,,0
	2025-07-26T21:58:30.5817495Z,Created batches from the list of files. Processing 2 files in each thread,,0
	2025-07-26T21:58:30.6026928Z,Running rsync for filelist /tmp//splits/split.aa from /tmp/zipdeploy/extracted/ to /home/site/wwwroot/,,0
	2025-07-26T21:58:30.7330354Z,Running rsync for filelist /tmp//splits/split.ab from /tmp/zipdeploy/extracted/ to /home/site/wwwroot/,,0
	2025-07-26T21:58:30.8153468Z,Running rsync for filelist /tmp//splits/split.ac from /tmp/zipdeploy/extracted/ to /home/site/wwwroot/,,0
	2025-07-26T21:58:30.8557733Z,Running rsync for filelist /tmp//splits/split.ae from /tmp/zipdeploy/extracted/ to /home/site/wwwroot/,,0
	2025-07-26T21:58:31.0954097Z,Running rsync for filelist /tmp//splits/split.ad from /tmp/zipdeploy/extracted/ to /home/site/wwwroot/,,0
	2025-07-26T21:58:31.1360256Z,Running rsync for filelist /tmp//splits/split.af from /tmp/zipdeploy/extracted/ to /home/site/wwwroot/,,0
	2025-07-26T21:58:31.1958769Z,Running rsync for filelist /tmp//splits/split.ag from /tmp/zipdeploy/extracted/ to /home/site/wwwroot/,,0
	2025-07-26T21:58:31.2350092Z,Running rsync for filelist /tmp//splits/split.ah from /tmp/zipdeploy/extracted/ to /home/site/wwwroot/,,0
	2025-07-26T21:58:31.5566556Z,,,0
	2025-07-26T21:58:31.5866131Z,Number of files: 1 (reg: 1),,0
	2025-07-26T21:58:31.6177141Z,Number of created files: 1 (reg: 1),,0
	2025-07-26T21:58:31.6798090Z,Number of deleted files: 0,,0
	2025-07-26T21:58:31.7085783Z,Number of regular files transferred: 1,,0
	2025-07-26T21:58:31.7272689Z,Total file size: 3.62K bytes,,0
	2025-07-26T21:58:31.7399115Z,Total transferred file size: 3.62K bytes,,0
	2025-07-26T21:58:31.7575926Z,Literal data: 3.62K bytes,,0
	2025-07-26T21:58:31.7815779Z,Matched data: 0 bytes,,0
	2025-07-26T21:58:31.7999436Z,File list size: 0,,0
	2025-07-26T21:58:31.8146637Z,File list generation time: 0.020 seconds,,0
	2025-07-26T21:58:31.8255760Z,File list transfer time: 0.000 seconds,,0
	2025-07-26T21:58:31.8381888Z,Total bytes sent: 1.36K,,0
	2025-07-26T21:58:31.8482124Z,Total bytes received: 35,,0
	2025-07-26T21:58:31.8683580Z,,,0
	2025-07-26T21:58:31.8743598Z,sent 1.36K bytes  received 35 bytes  2.80K bytes/sec,,0
	2025-07-26T21:58:31.8881793Z,total size is 3.62K  speedup is 2.59,,0
	2025-07-26T21:58:31.9082549Z,Attempt 1: Rsync for filelist /tmp//splits/split.ah completed with exit code 0,,0
	2025-07-26T21:58:31.9283877Z,,,0
	2025-07-26T21:58:31.9512713Z,Number of files: 4 (reg: 2&comma; dir: 2),,0
	2025-07-26T21:58:31.9721342Z,Number of created files: 3 (reg: 2&comma; dir: 1),,0
	2025-07-26T21:58:31.9919447Z,Number of deleted files: 0,,0
	2025-07-26T21:58:32.0091038Z,Number of regular files transferred: 2,,0
	2025-07-26T21:58:32.0207772Z,Total file size: 88.29K bytes,,0
	2025-07-26T21:58:32.0391097Z,Total transferred file size: 88.29K bytes,,0
	2025-07-26T21:58:32.0490085Z,Literal data: 88.29K bytes,,0
	2025-07-26T21:58:32.0642051Z,Matched data: 0 bytes,,0
	2025-07-26T21:58:32.1105794Z,File list size: 0,,0
	2025-07-26T21:58:32.1331583Z,File list generation time: 0.001 seconds,,0
	2025-07-26T21:58:32.1542793Z,File list transfer time: 0.000 seconds,,0
	2025-07-26T21:58:32.1692841Z,Total bytes sent: 4.67K,,0
	2025-07-26T21:58:32.1829719Z,Total bytes received: 60,,0
	2025-07-26T21:58:32.1993640Z,,,0
	2025-07-26T21:58:32.2096636Z,sent 4.67K bytes  received 60 bytes  3.15K bytes/sec,,0
	2025-07-26T21:58:32.2194143Z,total size is 88.29K  speedup is 18.68,,0
	2025-07-26T21:58:32.2395398Z,,,0
	2025-07-26T21:58:32.2498124Z,Number of files: 3 (reg: 2&comma; dir: 1),,0
	2025-07-26T21:58:32.2637605Z,Number of created files: 3 (reg: 2&comma; dir: 1),,0
	2025-07-26T21:58:32.2800857Z,Number of deleted files: 0,,0
	2025-07-26T21:58:32.3005438Z,Number of regular files transferred: 2,,0
	2025-07-26T21:58:32.3224212Z,Total file size: 58.44K bytes,,0
	2025-07-26T21:58:32.3513959Z,Total transferred file size: 58.44K bytes,,0
	2025-07-26T21:58:32.3816872Z,Literal data: 58.44K bytes,,0
	2025-07-26T21:58:32.3943043Z,Matched data: 0 bytes,,0
	2025-07-26T21:58:32.4145369Z,File list size: 0,,0
	2025-07-26T21:58:32.4510647Z,File list generation time: 0.001 seconds,,0
	2025-07-26T21:58:32.4718128Z,File list transfer time: 0.000 seconds,,0
	2025-07-26T21:58:32.4845245Z,Total bytes sent: 15.51K,,0
	2025-07-26T21:58:32.5036167Z,Total bytes received: 57,,0
	2025-07-26T21:58:32.5516912Z,,,0
	2025-07-26T21:58:32.5641765Z,sent 15.51K bytes  received 57 bytes  10.37K bytes/sec,,0
	2025-07-26T21:58:32.6032201Z,total size is 58.44K  speedup is 3.76,,0
	2025-07-26T21:58:32.6429540Z,Attempt 1: Rsync for filelist /tmp//splits/split.ac completed with exit code 0,,0
	2025-07-26T21:58:32.6726448Z,,,0
	2025-07-26T21:58:32.6844135Z,Number of files: 2 (reg: 2),,0
	2025-07-26T21:58:32.7126325Z,Number of created files: 2 (reg: 2),,0
	2025-07-26T21:58:32.7326680Z,Number of deleted files: 0,,0
	2025-07-26T21:58:32.7532883Z,Number of regular files transferred: 2,,0
	2025-07-26T21:58:32.7831827Z,Total file size: 2.58K bytes,,0
	2025-07-26T21:58:32.8137768Z,Total transferred file size: 2.58K bytes,,0
	2025-07-26T21:58:32.8265685Z,Literal data: 2.58K bytes,,0
	2025-07-26T21:58:32.8763387Z,Matched data: 0 bytes,,0
	2025-07-26T21:58:32.8967603Z,File list size: 0,,0
	2025-07-26T21:58:32.9236372Z,File list generation time: 0.001 seconds,,0
	2025-07-26T21:58:32.9351695Z,File list transfer time: 0.000 seconds,,0
	2025-07-26T21:58:32.9637847Z,Total bytes sent: 1.41K,,0
	2025-07-26T21:58:32.9942539Z,Total bytes received: 54,,0
	2025-07-26T21:58:33.0076439Z,,,0
	2025-07-26T21:58:33.0277591Z,sent 1.41K bytes  received 54 bytes  974.67 bytes/sec,,0
	2025-07-26T21:58:33.0579602Z,total size is 2.58K  speedup is 1.76,,0
	2025-07-26T21:58:33.1079794Z,Attempt 1: Rsync for filelist /tmp//splits/split.aa completed with exit code 0,,0
	2025-07-26T21:58:33.1554428Z,Attempt 1: Rsync for filelist /tmp//splits/split.ad completed with exit code 0,,0
	2025-07-26T21:58:33.1948204Z,,,0
	2025-07-26T21:58:33.2067350Z,Number of files: 4 (reg: 2&comma; dir: 2),,0
	2025-07-26T21:58:33.2351808Z,Number of created files: 2 (reg: 2),,0
	2025-07-26T21:58:33.2551524Z,Number of deleted files: 0,,0
	2025-07-26T21:58:33.2852810Z,Number of regular files transferred: 2,,0
	2025-07-26T21:58:33.3164586Z,Total file size: 32.15K bytes,,0
	2025-07-26T21:58:33.3466157Z,Total transferred file size: 32.15K bytes,,0
	2025-07-26T21:58:33.3778604Z,Literal data: 32.15K bytes,,0
	2025-07-26T21:58:33.3958725Z,Matched data: 0 bytes,,0
	2025-07-26T21:58:33.4068355Z,File list size: 0,,0
	2025-07-26T21:58:33.4257540Z,File list generation time: 0.001 seconds,,0
	2025-07-26T21:58:33.4334128Z,File list transfer time: 0.000 seconds,,0
	2025-07-26T21:58:33.4562473Z,Total bytes sent: 8.31K,,0
	2025-07-26T21:58:33.4702504Z,Total bytes received: 60,,0
	2025-07-26T21:58:33.4869600Z,,,0
	2025-07-26T21:58:33.4961381Z,sent 8.31K bytes  received 60 bytes  16.73K bytes/sec,,0
	2025-07-26T21:58:33.5162310Z,total size is 32.15K  speedup is 3.84,,0
	2025-07-26T21:58:33.5577605Z,Attempt 1: Rsync for filelist /tmp//splits/split.ag completed with exit code 0,,0
	2025-07-26T21:58:33.5687431Z,,,0
	2025-07-26T21:58:33.6094829Z,Number of files: 4 (reg: 2&comma; dir: 2),,0
	2025-07-26T21:58:33.6203200Z,Number of created files: 2 (reg: 2),,0
	2025-07-26T21:58:33.6348782Z,Number of deleted files: 0,,0
	2025-07-26T21:58:33.6727585Z,Number of regular files transferred: 2,,0
	2025-07-26T21:58:33.7046903Z,Total file size: 88.29K bytes,,0
	2025-07-26T21:58:33.7335331Z,Total transferred file size: 88.29K bytes,,0
	2025-07-26T21:58:33.7454919Z,Literal data: 88.29K bytes,,0
	2025-07-26T21:58:33.7834183Z,Matched data: 0 bytes,,0
	2025-07-26T21:58:33.8237019Z,File list size: 0,,0
	2025-07-26T21:58:33.8550338Z,File list generation time: 0.001 seconds,,0
	2025-07-26T21:58:33.8690401Z,File list transfer time: 0.000 seconds,,0
	2025-07-26T21:58:33.8943302Z,Total bytes sent: 4.66K,,0
	2025-07-26T21:58:33.9042268Z,Total bytes received: 60,,0
	2025-07-26T21:58:33.9470427Z,,,0
	2025-07-26T21:58:33.9647998Z,sent 4.66K bytes  received 60 bytes  3.15K bytes/sec,,0
	2025-07-26T21:58:34.0009563Z,total size is 88.29K  speedup is 18.69,,0
	2025-07-26T21:58:34.0341622Z,Attempt 1: Rsync for filelist /tmp//splits/split.ae completed with exit code 0,,0
	2025-07-26T21:58:34.0580654Z,,,0
	2025-07-26T21:58:34.0698526Z,Number of files: 5 (reg: 2&comma; dir: 3),,0
	2025-07-26T21:58:34.0878692Z,Number of created files: 3 (reg: 2&comma; dir: 1),,0
	2025-07-26T21:58:34.1101672Z,Number of deleted files: 0,,0
	2025-07-26T21:58:34.1280056Z,Number of regular files transferred: 2,,0
	2025-07-26T21:58:34.1377003Z,Total file size: 276.18K bytes,,0
	2025-07-26T21:58:34.1589531Z,Total transferred file size: 276.18K bytes,,0
	2025-07-26T21:58:34.1657751Z,Literal data: 276.18K bytes,,0
	2025-07-26T21:58:34.1986060Z,Matched data: 0 bytes,,0
	2025-07-26T21:58:34.2050017Z,File list size: 0,,0
	2025-07-26T21:58:34.2288988Z,File list generation time: 0.080 seconds,,0
	2025-07-26T21:58:34.2386971Z,File list transfer time: 0.000 seconds,,0
	2025-07-26T21:58:34.2594653Z,Total bytes sent: 81.91K,,0
	2025-07-26T21:58:34.2651836Z,Total bytes received: 63,,0
	2025-07-26T21:58:34.2740577Z,,,0
	2025-07-26T21:58:34.2824411Z,sent 81.91K bytes  received 63 bytes  54.65K bytes/sec,,0
	2025-07-26T21:58:34.2881472Z,total size is 276.18K  speedup is 3.37,,0
	2025-07-26T21:58:34.2950701Z,Attempt 1: Rsync for filelist /tmp//splits/split.af completed with exit code 0,,0
	2025-07-26T21:58:34.4215991Z,,,0
	2025-07-26T21:58:34.4362211Z,Number of files: 2 (reg: 2),,0
	2025-07-26T21:58:34.4640716Z,Number of created files: 2 (reg: 2),,0
	2025-07-26T21:58:34.4840339Z,Number of deleted files: 0,,0
	2025-07-26T21:58:34.4902796Z,Number of regular files transferred: 2,,0
	2025-07-26T21:58:34.5089707Z,Total file size: 5.57M bytes,,0
	2025-07-26T21:58:34.5268570Z,Total transferred file size: 5.57M bytes,,0
	2025-07-26T21:58:34.6048103Z,Literal data: 5.57M bytes,,0
	2025-07-26T21:58:34.6571991Z,Matched data: 0 bytes,,0
	2025-07-26T21:58:34.6744929Z,File list size: 0,,0
	2025-07-26T21:58:34.6807466Z,File list generation time: 0.001 seconds,,0
	2025-07-26T21:58:34.6960877Z,File list transfer time: 0.000 seconds,,0
	2025-07-26T21:58:34.7061609Z,Total bytes sent: 5.56M,,0
	2025-07-26T21:58:34.7264074Z,Total bytes received: 54,,0
	2025-07-26T21:58:34.7678178Z,,,0
	2025-07-26T21:58:34.7762154Z,sent 5.56M bytes  received 54 bytes  1.24M bytes/sec,,0
	2025-07-26T21:58:34.7862268Z,total size is 5.57M  speedup is 1.00,,0
	2025-07-26T21:58:34.7989419Z,Attempt 1: Rsync for filelist /tmp//splits/split.ab completed with exit code 0,,0
	2025-07-26T21:58:34.8164057Z,Deleting files not present in /tmp/zipdeploy/extracted/ from /home/site/wwwroot/ based on manifest file /opt/Kudu/Scripts/firstDeploymentManifest,,0
	2025-07-26T21:58:34.8224167Z,Number of files deleted: 1. See /tmp//rsync_deletion_logs.txt for more details.,,0
	2025-07-26T21:58:34.8580969Z,create new manifest file at /home/site/deployments/d989d4dc-a42d-4ef6-815f-2efdbf7dfd3f/manifest,,0
	2025-07-26T21:58:34.8779409Z,Excluding node_modules in next manifest file,,0
	2025-07-26T21:58:34.8967577Z,Completed successfully in 4 seconds,,0
2025-07-26T21:58:34.9833227Z,Rsync completed to /home/site/wwwroot,9b5bf14a-9ea3-419a-bdd1-67827ced1056,0
2025-07-26T21:58:35.1120005Z,Manifest created at /home/site/wwwroot,0b62f17b-a41c-4442-8b96-0b53a01fa1e2,0
2025-07-26T21:58:35.1981694Z,Optimized build done with success: True,f01846bd-454d-471e-8e18-ba28c599e25f,0
2025-07-26T21:58:35.2847434Z,Running post deployment command(s)...,588057b5-1988-4192-ad41-a68936cdec53,0
2025-07-26T21:58:35.3936343Z,Triggering recycle (preview mode disabled).,b5f99422-cef7-479a-8159-d77420bbccde,0
2025-07-26T21:58:35.5900477Z,Deployment successful. deployer = GITHUB_ZIP_DEPLOY deploymentPath = ZipDeploy. Extract zip.,8619b592-0206-4267-96bd-a2e1dc7c6b8a,0
