2025-07-26T22:17:47.0424475Z,Updating submodules.,1142ff2f-651a-4aad-946a-b25a95f7c186,0
2025-07-26T22:17:48.1213909Z,Preparing deployment for commit id '57681fff-d'.,a65896a0-2291-4a99-969f-fb6b0ca1b263,0
2025-07-26T22:17:48.3213760Z,PreDeployment: context.CleanOutputPath False,45cc9e07-6f68-4687-b4be-22e1d5d389bd,0
2025-07-26T22:17:48.4003101Z,PreDeployment: context.OutputPath /home/site/wwwroot,428a1bb7-c37e-438d-ad09-921b3c1a65e2,0
2025-07-26T22:17:48.4828764Z,Generating deployment script.,4beb2ce7-8374-430d-b499-eec0cce810c4,0
2025-07-26T22:17:48.5624831Z,NodeProjectOptimizer Initialized with repository path: /tmp/zipdeploy/extracted and output path: /home/site/wwwroot ,cfb11d0f-d8e0-4f52-a0f8-63cb7fa56647,0
2025-07-26T22:17:48.6457902Z,Optimizing build...,5fcff3bb-3b2d-4739-b39b-b473c4826784,0
2025-07-26T22:17:48.7340537Z,Zipping node_modules...,51ba2499-b8b6-4a09-9a7d-352b8cb0cd37,0
	2025-07-26T22:17:48.7397461Z,Command: /opt/Kudu/Scripts/absoluteTar.sh /tmp/zipdeploy/extracted/node_modules /tmp/zipdeploy/extracted/node_modules.tar.gz,,0
	2025-07-26T22:17:53.5744818Z,Zipped /tmp/zipdeploy/extracted/node_modules to /tmp/zipdeploy/extracted/node_modules.tar.gz done successfully,,0
2025-07-26T22:17:53.7297535Z,Zipped Node Modules to /tmp/zipdeploy/extracted/node_modules.tar.gz,08162fff-1519-43bc-8e36-9419b50c3e66,0
2025-07-26T22:17:53.8598272Z,Express Node Deploy: Running rsync...,2736140b-8114-4766-a827-0dbc393d8688,0
	2025-07-26T22:17:53.8729740Z,Command: /opt/Kudu/Scripts/parallel_rsync.sh /tmp/zipdeploy/extracted /home/site/wwwroot 8 /tmp/ False True node_modules ,,0
	2025-07-26T22:17:53.9957370Z,Run rsync from: /tmp/zipdeploy/extracted/ to: /home/site/wwwroot/ in 8 parallel threads,,0
	2025-07-26T22:17:54.0239263Z,Delete options: clean=False&comma; use manifest=True&comma; directory to ignore=node_modules,,0
	2025-07-26T22:17:54.0642596Z,Prev manifest = /home/site/deployments/d989d4dc-a42d-4ef6-815f-2efdbf7dfd3f/manifest and next /home/site/deployments/57681fff-d0fc-43b9-a8b3-d8cee34c1f83/manifest,,0
	2025-07-26T22:17:54.1049093Z,Cleaning up /tmp//filelist.txt and /tmp//splits,,0
	2025-07-26T22:17:54.1472828Z,Creating a list of all files at /tmp//filelist.txt,,0
	2025-07-26T22:17:54.1847376Z,Excluding: node_modules,,0
	2025-07-26T22:17:54.2256727Z,Created /tmp//filelist.txt. Total number of files to be synced = 15.,,0
	2025-07-26T22:17:54.2560080Z,Created batches from the list of files. Processing 2 files in each thread,,0
	2025-07-26T22:17:54.2852783Z,Running rsync for filelist /tmp//splits/split.aa from /tmp/zipdeploy/extracted/ to /home/site/wwwroot/,,0
	2025-07-26T22:17:54.3569123Z,Running rsync for filelist /tmp//splits/split.ab from /tmp/zipdeploy/extracted/ to /home/site/wwwroot/,,0
	2025-07-26T22:17:54.3962483Z,Running rsync for filelist /tmp//splits/split.ac from /tmp/zipdeploy/extracted/ to /home/site/wwwroot/,,0
	2025-07-26T22:17:54.4279633Z,Running rsync for filelist /tmp//splits/split.ad from /tmp/zipdeploy/extracted/ to /home/site/wwwroot/,,0
	2025-07-26T22:17:54.4598464Z,Running rsync for filelist /tmp//splits/split.ae from /tmp/zipdeploy/extracted/ to /home/site/wwwroot/,,0
	2025-07-26T22:17:54.5505903Z,Running rsync for filelist /tmp//splits/split.af from /tmp/zipdeploy/extracted/ to /home/site/wwwroot/,,0
	2025-07-26T22:17:54.6111482Z,Running rsync for filelist /tmp//splits/split.ah from /tmp/zipdeploy/extracted/ to /home/site/wwwroot/,,0
	2025-07-26T22:17:54.6588238Z,Running rsync for filelist /tmp//splits/split.ag from /tmp/zipdeploy/extracted/ to /home/site/wwwroot/,,0
	2025-07-26T22:17:55.1328392Z,,,0
	2025-07-26T22:17:55.2038481Z,Number of files: 1 (reg: 1),,0
	2025-07-26T22:17:55.3026889Z,Number of created files: 0,,0
	2025-07-26T22:17:55.3812950Z,Number of deleted files: 0,,0
	2025-07-26T22:17:55.4527728Z,Number of regular files transferred: 1,,0
	2025-07-26T22:17:55.5122226Z,Total file size: 4.31K bytes,,0
	2025-07-26T22:17:55.5561187Z,Total transferred file size: 4.31K bytes,,0
	2025-07-26T22:17:55.5960479Z,Literal data: 4.31K bytes,,0
	2025-07-26T22:17:55.6367035Z,Matched data: 0 bytes,,0
	2025-07-26T22:17:55.6828571Z,File list size: 0,,0
	2025-07-26T22:17:55.6949527Z,File list generation time: 0.001 seconds,,0
	2025-07-26T22:17:55.7069477Z,File list transfer time: 0.000 seconds,,0
	2025-07-26T22:17:55.7735381Z,Total bytes sent: 1.48K,,0
	2025-07-26T22:17:55.7938209Z,Total bytes received: 35,,0
	2025-07-26T22:17:55.8142535Z,,,0
	2025-07-26T22:17:55.8340265Z,sent 1.48K bytes  received 35 bytes  1.01K bytes/sec,,0
	2025-07-26T22:17:55.8563199Z,total size is 4.31K  speedup is 2.85,,0
	2025-07-26T22:17:55.8954819Z,,,0
	2025-07-26T22:17:55.9351517Z,Number of files: 2 (reg: 2),,0
	2025-07-26T22:17:55.9466074Z,Number of created files: 0,,0
	2025-07-26T22:17:56.0053662Z,Number of deleted files: 0,,0
	2025-07-26T22:17:56.0467847Z,Number of regular files transferred: 2,,0
	2025-07-26T22:17:56.0780247Z,Total file size: 2.58K bytes,,0
	2025-07-26T22:17:56.1061628Z,Total transferred file size: 2.58K bytes,,0
	2025-07-26T22:17:56.1277063Z,Literal data: 2.58K bytes,,0
	2025-07-26T22:17:56.1470080Z,Matched data: 0 bytes,,0
	2025-07-26T22:17:56.1788866Z,File list size: 0,,0
	2025-07-26T22:17:56.2078799Z,File list generation time: 0.001 seconds,,0
	2025-07-26T22:17:56.2188122Z,File list transfer time: 0.000 seconds,,0
	2025-07-26T22:17:56.2682920Z,Total bytes sent: 1.40K,,0
	2025-07-26T22:17:56.3165681Z,Total bytes received: 54,,0
	2025-07-26T22:17:56.3368907Z,,,0
	2025-07-26T22:17:56.3573581Z,sent 1.40K bytes  received 54 bytes  972.00 bytes/sec,,0
	2025-07-26T22:17:56.3870882Z,total size is 2.58K  speedup is 1.77,,0
	2025-07-26T22:17:56.4090274Z,Attempt 1: Rsync for filelist /tmp//splits/split.ah completed with exit code 0,,0
	2025-07-26T22:17:56.4395430Z,Attempt 1: Rsync for filelist /tmp//splits/split.aa completed with exit code 0,,0
	2025-07-26T22:17:56.4697691Z,,,0
	2025-07-26T22:17:56.4878314Z,Number of files: 4 (reg: 2&comma; dir: 2),,0
	2025-07-26T22:17:56.5177361Z,Number of created files: 0,,0
	2025-07-26T22:17:56.5393493Z,Number of deleted files: 0,,0
	2025-07-26T22:17:56.5598151Z,Number of regular files transferred: 2,,0
	2025-07-26T22:17:56.5997615Z,Total file size: 32.15K bytes,,0
	2025-07-26T22:17:56.6112721Z,Total transferred file size: 32.15K bytes,,0
	2025-07-26T22:17:56.6387482Z,Literal data: 32.15K bytes,,0
	2025-07-26T22:17:56.6587867Z,Matched data: 0 bytes,,0
	2025-07-26T22:17:56.6626674Z,File list size: 0,,0
	2025-07-26T22:17:56.6830292Z,File list generation time: 0.077 seconds,,0
	2025-07-26T22:17:56.6988515Z,File list transfer time: 0.000 seconds,,0
	2025-07-26T22:17:56.7114134Z,Total bytes sent: 8.31K,,0
	2025-07-26T22:17:56.7329877Z,Total bytes received: 60,,0
	2025-07-26T22:17:56.7495907Z,,,0
	2025-07-26T22:17:56.7902146Z,sent 8.31K bytes  received 60 bytes  5.58K bytes/sec,,0
	2025-07-26T22:17:56.8111508Z,total size is 32.15K  speedup is 3.84,,0
	2025-07-26T22:17:56.8324983Z,Attempt 1: Rsync for filelist /tmp//splits/split.ag completed with exit code 0,,0
	2025-07-26T22:17:56.8707643Z,,,0
	2025-07-26T22:17:56.8825182Z,Number of files: 3 (reg: 2&comma; dir: 1),,0
	2025-07-26T22:17:56.8999684Z,Number of created files: 0,,0
	2025-07-26T22:17:56.9200297Z,Number of deleted files: 0,,0
	2025-07-26T22:17:56.9311692Z,Number of regular files transferred: 2,,0
	2025-07-26T22:17:56.9421585Z,Total file size: 58.44K bytes,,0
	2025-07-26T22:17:56.9523681Z,Total transferred file size: 58.44K bytes,,0
	2025-07-26T22:17:56.9739516Z,Literal data: 58.44K bytes,,0
	2025-07-26T22:17:57.0309543Z,Matched data: 0 bytes,,0
	2025-07-26T22:17:57.0408778Z,File list size: 0,,0
	2025-07-26T22:17:57.0614441Z,File list generation time: 0.001 seconds,,0
	2025-07-26T22:17:57.0735887Z,File list transfer time: 0.000 seconds,,0
	2025-07-26T22:17:57.0836145Z,Total bytes sent: 15.51K,,0
	2025-07-26T22:17:57.1143565Z,Total bytes received: 57,,0
	2025-07-26T22:17:57.1312142Z,,,0
	2025-07-26T22:17:57.1439174Z,sent 15.51K bytes  received 57 bytes  10.38K bytes/sec,,0
	2025-07-26T22:17:57.1614873Z,total size is 58.44K  speedup is 3.75,,0
	2025-07-26T22:17:57.1813643Z,Attempt 1: Rsync for filelist /tmp//splits/split.ac completed with exit code 0,,0
	2025-07-26T22:17:57.1849561Z,,,0
	2025-07-26T22:17:57.2038817Z,Number of files: 4 (reg: 2&comma; dir: 2),,0
	2025-07-26T22:17:57.2217449Z,Number of created files: 0,,0
	2025-07-26T22:17:57.2347886Z,Number of deleted files: 0,,0
	2025-07-26T22:17:57.2544591Z,Number of regular files transferred: 2,,0
	2025-07-26T22:17:57.2718819Z,Total file size: 88.29K bytes,,0
	2025-07-26T22:17:57.3043670Z,Total transferred file size: 88.29K bytes,,0
	2025-07-26T22:17:57.3162172Z,Literal data: 88.29K bytes,,0
	2025-07-26T22:17:57.3469991Z,Matched data: 0 bytes,,0
	2025-07-26T22:17:57.3648232Z,File list size: 0,,0
	2025-07-26T22:17:57.3761396Z,File list generation time: 0.001 seconds,,0
	2025-07-26T22:17:57.4049090Z,File list transfer time: 0.000 seconds,,0
	2025-07-26T22:17:57.4164870Z,Total bytes sent: 4.67K,,0
	2025-07-26T22:17:57.4451534Z,Total bytes received: 60,,0
	2025-07-26T22:17:57.4564577Z,,,0
	2025-07-26T22:17:57.4682227Z,sent 4.67K bytes  received 60 bytes  3.15K bytes/sec,,0
	2025-07-26T22:17:57.4855529Z,total size is 88.29K  speedup is 18.69,,0
	2025-07-26T22:17:57.4968731Z,Attempt 1: Rsync for filelist /tmp//splits/split.ae completed with exit code 0,,0
	2025-07-26T22:17:57.5160586Z,,,0
	2025-07-26T22:17:57.5359815Z,Number of files: 5 (reg: 2&comma; dir: 3),,0
	2025-07-26T22:17:57.5573602Z,Number of created files: 0,,0
	2025-07-26T22:17:57.5688301Z,Number of deleted files: 0,,0
	2025-07-26T22:17:57.5962362Z,Number of regular files transferred: 2,,0
	2025-07-26T22:17:57.6098722Z,Total file size: 276.18K bytes,,0
	2025-07-26T22:17:57.6582518Z,Total transferred file size: 276.18K bytes,,0
	2025-07-26T22:17:57.6895863Z,Literal data: 276.18K bytes,,0
	2025-07-26T22:17:57.7188477Z,Matched data: 0 bytes,,0
	2025-07-26T22:17:57.7593506Z,File list size: 0,,0
	2025-07-26T22:17:57.7883215Z,File list generation time: 0.001 seconds,,0
	2025-07-26T22:17:57.8074000Z,File list transfer time: 0.000 seconds,,0
	2025-07-26T22:17:57.8473417Z,Total bytes sent: 81.91K,,0
	2025-07-26T22:17:57.8690227Z,Total bytes received: 63,,0
	2025-07-26T22:17:57.8899860Z,,,0
	2025-07-26T22:17:57.9108146Z,sent 81.91K bytes  received 63 bytes  54.65K bytes/sec,,0
	2025-07-26T22:17:57.9293000Z,total size is 276.18K  speedup is 3.37,,0
	2025-07-26T22:17:57.9414779Z,Attempt 1: Rsync for filelist /tmp//splits/split.af completed with exit code 0,,0
	2025-07-26T22:17:57.9820933Z,,,0
	2025-07-26T22:17:58.0504163Z,Number of files: 4 (reg: 2&comma; dir: 2),,0
	2025-07-26T22:17:58.0919178Z,Number of created files: 0,,0
	2025-07-26T22:17:58.1309224Z,Number of deleted files: 0,,0
	2025-07-26T22:17:58.1713293Z,Number of regular files transferred: 2,,0
	2025-07-26T22:17:58.2097238Z,Total file size: 88.29K bytes,,0
	2025-07-26T22:17:58.2427094Z,Total transferred file size: 88.29K bytes,,0
	2025-07-26T22:17:58.2612641Z,Literal data: 88.29K bytes,,0
	2025-07-26T22:17:58.2817096Z,Matched data: 0 bytes,,0
	2025-07-26T22:17:58.3120650Z,File list size: 0,,0
	2025-07-26T22:17:58.3421072Z,File list generation time: 0.037 seconds,,0
	2025-07-26T22:17:58.3607942Z,File list transfer time: 0.000 seconds,,0
	2025-07-26T22:17:58.3841733Z,Total bytes sent: 4.67K,,0
	2025-07-26T22:17:58.4242619Z,Total bytes received: 60,,0
	2025-07-26T22:17:58.4424014Z,,,0
	2025-07-26T22:17:58.4645106Z,sent 4.67K bytes  received 60 bytes  3.15K bytes/sec,,0
	2025-07-26T22:17:58.4924829Z,total size is 88.29K  speedup is 18.67,,0
	2025-07-26T22:17:58.5124010Z,Attempt 1: Rsync for filelist /tmp//splits/split.ad completed with exit code 0,,0
	2025-07-26T22:17:58.5310299Z,,,0
	2025-07-26T22:17:58.5440766Z,Number of files: 2 (reg: 2),,0
	2025-07-26T22:17:58.5647239Z,Number of created files: 0,,0
	2025-07-26T22:17:58.6142792Z,Number of deleted files: 0,,0
	2025-07-26T22:17:58.6918281Z,Number of regular files transferred: 2,,0
	2025-07-26T22:17:58.7253171Z,Total file size: 5.57M bytes,,0
	2025-07-26T22:17:58.7759192Z,Total transferred file size: 5.57M bytes,,0
	2025-07-26T22:17:58.8462288Z,Literal data: 5.57M bytes,,0
	2025-07-26T22:17:58.8866493Z,Matched data: 0 bytes,,0
	2025-07-26T22:17:58.9053681Z,File list size: 0,,0
	2025-07-26T22:17:58.9444652Z,File list generation time: 0.001 seconds,,0
	2025-07-26T22:17:58.9570501Z,File list transfer time: 0.000 seconds,,0
	2025-07-26T22:17:58.9951346Z,Total bytes sent: 5.57M,,0
	2025-07-26T22:17:59.0170826Z,Total bytes received: 54,,0
	2025-07-26T22:17:59.0656851Z,,,0
	2025-07-26T22:17:59.0860047Z,sent 5.57M bytes  received 54 bytes  3.71M bytes/sec,,0
	2025-07-26T22:17:59.1057339Z,total size is 5.57M  speedup is 1.00,,0
	2025-07-26T22:17:59.1443677Z,Attempt 1: Rsync for filelist /tmp//splits/split.ab completed with exit code 0,,0
	2025-07-26T22:17:59.1663451Z,Deleting files not present in /tmp/zipdeploy/extracted/ from /home/site/wwwroot/ based on manifest file /home/site/deployments/d989d4dc-a42d-4ef6-815f-2efdbf7dfd3f/manifest,,0
	2025-07-26T22:17:59.1861850Z,Number of files deleted: 0. See /tmp//rsync_deletion_logs.txt for more details.,,0
	2025-07-26T22:17:59.2260394Z,create new manifest file at /home/site/deployments/57681fff-d0fc-43b9-a8b3-d8cee34c1f83/manifest,,0
	2025-07-26T22:17:59.2460169Z,Excluding node_modules in next manifest file,,0
	2025-07-26T22:17:59.2769834Z,Completed successfully in 3 seconds,,0
2025-07-26T22:17:59.3961748Z,Rsync completed to /home/site/wwwroot,1bcf97d2-8008-4d1a-a9b5-0a741f8d8476,0
2025-07-26T22:17:59.5179407Z,Manifest created at /home/site/wwwroot,6d1f3ed5-0a79-418d-b699-f962a9060860,0
2025-07-26T22:17:59.5940459Z,Optimized build done with success: True,66112530-4c11-4882-8c35-50937f9d4e18,0
2025-07-26T22:17:59.6660527Z,Running post deployment command(s)...,cb7e1b20-a392-477d-8b89-9916a7bbbaff,0
2025-07-26T22:17:59.7571727Z,Triggering recycle (preview mode disabled).,94bd069c-8f0a-4563-a633-aee673acf968,0
2025-07-26T22:17:59.9352528Z,Deployment successful. deployer = GITHUB_ZIP_DEPLOY deploymentPath = ZipDeploy. Extract zip.,ff7a29ca-c9a9-4e72-a959-fc1cff843f58,0
