2025-07-26T22:20:52.3548245Z,Updating submodules.,351817a9-8ee0-4249-b9f3-ad3f0eef2e7d,0
2025-07-26T22:20:53.4226489Z,Preparing deployment for commit id 'f232ad7c-8'.,8f4468dc-a23f-41f3-87f3-853c62956125,0
2025-07-26T22:20:53.6393321Z,PreDeployment: context.CleanOutputPath False,ba00e0a7-901e-4cb4-a568-6cc83e0e12cf,0
2025-07-26T22:20:53.7524612Z,PreDeployment: context.OutputPath /home/site/wwwroot,a59306c5-a547-4e77-aea9-5953775162e3,0
2025-07-26T22:20:53.8652530Z,Generating deployment script.,76a05074-5950-41c9-9afa-3d5048a58ee0,0
2025-07-26T22:20:53.9412014Z,NodeProjectOptimizer Initialized with repository path: /tmp/zipdeploy/extracted and output path: /home/site/wwwroot ,77e2a763-a573-41ba-b850-6f6323fabc05,0
2025-07-26T22:20:54.0129779Z,Optimizing build...,fa0aa1cb-b5c7-4caa-a617-0beb6d1f2439,0
2025-07-26T22:20:54.1144381Z,Zipping node_modules...,4d76658f-2bee-4db5-be53-d1bf1c0938f7,0
	2025-07-26T22:20:54.1201092Z,Command: /opt/Kudu/Scripts/absoluteTar.sh /tmp/zipdeploy/extracted/node_modules /tmp/zipdeploy/extracted/node_modules.tar.gz,,0
	2025-07-26T22:20:58.8955924Z,Zipped /tmp/zipdeploy/extracted/node_modules to /tmp/zipdeploy/extracted/node_modules.tar.gz done successfully,,0
2025-07-26T22:20:59.0087686Z,Zipped Node Modules to /tmp/zipdeploy/extracted/node_modules.tar.gz,3d6146f3-8924-408e-9ef7-7c1e9d494b7b,0
2025-07-26T22:20:59.0993661Z,Express Node Deploy: Running rsync...,7ca98e3c-e887-4315-b648-adf84119ff3b,0
	2025-07-26T22:20:59.1055088Z,Command: /opt/Kudu/Scripts/parallel_rsync.sh /tmp/zipdeploy/extracted /home/site/wwwroot 8 /tmp/ False True node_modules ,,0
	2025-07-26T22:20:59.2229773Z,Run rsync from: /tmp/zipdeploy/extracted/ to: /home/site/wwwroot/ in 8 parallel threads,,0
	2025-07-26T22:20:59.2639549Z,Delete options: clean=False&comma; use manifest=True&comma; directory to ignore=node_modules,,0
	2025-07-26T22:20:59.3044620Z,Prev manifest = /home/site/deployments/57681fff-d0fc-43b9-a8b3-d8cee34c1f83/manifest and next /home/site/deployments/f232ad7c-8355-43b0-b88e-ab2e977c1a51/manifest,,0
	2025-07-26T22:20:59.3526262Z,Cleaning up /tmp//filelist.txt and /tmp//splits,,0
	2025-07-26T22:20:59.3820100Z,Creating a list of all files at /tmp//filelist.txt,,0
	2025-07-26T22:20:59.4022933Z,Excluding: node_modules,,0
	2025-07-26T22:20:59.4134605Z,Created /tmp//filelist.txt. Total number of files to be synced = 15.,,0
	2025-07-26T22:20:59.4528265Z,Created batches from the list of files. Processing 2 files in each thread,,0
	2025-07-26T22:20:59.5156181Z,Running rsync for filelist /tmp//splits/split.aa from /tmp/zipdeploy/extracted/ to /home/site/wwwroot/,,0
	2025-07-26T22:20:59.5439806Z,Running rsync for filelist /tmp//splits/split.ab from /tmp/zipdeploy/extracted/ to /home/site/wwwroot/,,0
	2025-07-26T22:20:59.6070113Z,Running rsync for filelist /tmp//splits/split.ac from /tmp/zipdeploy/extracted/ to /home/site/wwwroot/,,0
	2025-07-26T22:20:59.6535204Z,Running rsync for filelist /tmp//splits/split.ad from /tmp/zipdeploy/extracted/ to /home/site/wwwroot/,,0
	2025-07-26T22:21:00.4298490Z,Running rsync for filelist /tmp//splits/split.af from /tmp/zipdeploy/extracted/ to /home/site/wwwroot/,,0
	2025-07-26T22:21:00.4683846Z,Running rsync for filelist /tmp//splits/split.ae from /tmp/zipdeploy/extracted/ to /home/site/wwwroot/,,0
	2025-07-26T22:21:00.4992355Z,Running rsync for filelist /tmp//splits/split.ag from /tmp/zipdeploy/extracted/ to /home/site/wwwroot/,,0
	2025-07-26T22:21:00.5294231Z,Running rsync for filelist /tmp//splits/split.ah from /tmp/zipdeploy/extracted/ to /home/site/wwwroot/,,0
	2025-07-26T22:21:00.5685189Z,,,0
	2025-07-26T22:21:00.6302068Z,Number of files: 1 (reg: 1),,0
	2025-07-26T22:21:00.6372942Z,Number of created files: 0,,0
	2025-07-26T22:21:00.6529261Z,Number of deleted files: 0,,0
	2025-07-26T22:21:00.6586011Z,Number of regular files transferred: 1,,0
	2025-07-26T22:21:00.6758686Z,Total file size: 4.31K bytes,,0
	2025-07-26T22:21:00.6878340Z,Total transferred file size: 4.31K bytes,,0
	2025-07-26T22:21:00.7027292Z,Literal data: 4.31K bytes,,0
	2025-07-26T22:21:00.7067184Z,Matched data: 0 bytes,,0
	2025-07-26T22:21:00.7228479Z,File list size: 0,,0
	2025-07-26T22:21:00.7275769Z,File list generation time: 0.001 seconds,,0
	2025-07-26T22:21:00.7482139Z,File list transfer time: 0.000 seconds,,0
	2025-07-26T22:21:00.7636903Z,Total bytes sent: 1.48K,,0
	2025-07-26T22:21:00.7732458Z,Total bytes received: 35,,0
	2025-07-26T22:21:00.7853796Z,,,0
	2025-07-26T22:21:00.7946569Z,sent 1.48K bytes  received 35 bytes  1.01K bytes/sec,,0
	2025-07-26T22:21:00.8033194Z,total size is 4.31K  speedup is 2.85,,0
	2025-07-26T22:21:00.8170568Z,Attempt 1: Rsync for filelist /tmp//splits/split.ah completed with exit code 0,,0
	2025-07-26T22:21:00.8335825Z,,,0
	2025-07-26T22:21:00.8439658Z,Number of files: 2 (reg: 2),,0
	2025-07-26T22:21:00.8536250Z,Number of created files: 0,,0
	2025-07-26T22:21:00.8680227Z,Number of deleted files: 0,,0
	2025-07-26T22:21:00.8839114Z,Number of regular files transferred: 2,,0
	2025-07-26T22:21:00.8894444Z,Total file size: 2.58K bytes,,0
	2025-07-26T22:21:00.9071545Z,Total transferred file size: 2.58K bytes,,0
	2025-07-26T22:21:00.9192671Z,Literal data: 2.58K bytes,,0
	2025-07-26T22:21:00.9410153Z,Matched data: 0 bytes,,0
	2025-07-26T22:21:00.9559740Z,File list size: 0,,0
	2025-07-26T22:21:00.9694349Z,File list generation time: 0.001 seconds,,0
	2025-07-26T22:21:00.9806604Z,File list transfer time: 0.000 seconds,,0
	2025-07-26T22:21:00.9964676Z,Total bytes sent: 1.41K,,0
	2025-07-26T22:21:01.0013313Z,Total bytes received: 54,,0
	2025-07-26T22:21:01.0168999Z,,,0
	2025-07-26T22:21:01.0218142Z,sent 1.41K bytes  received 54 bytes  974.67 bytes/sec,,0
	2025-07-26T22:21:01.0366692Z,total size is 2.58K  speedup is 1.76,,0
	2025-07-26T22:21:01.0427701Z,Attempt 1: Rsync for filelist /tmp//splits/split.aa completed with exit code 0,,0
	2025-07-26T22:21:01.0508008Z,,,0
	2025-07-26T22:21:01.0707564Z,Number of files: 4 (reg: 2&comma; dir: 2),,0
	2025-07-26T22:21:01.0877134Z,Number of created files: 0,,0
	2025-07-26T22:21:01.1080757Z,Number of deleted files: 0,,0
	2025-07-26T22:21:01.1373928Z,Number of regular files transferred: 2,,0
	2025-07-26T22:21:01.1573372Z,Total file size: 88.29K bytes,,0
	2025-07-26T22:21:01.1806939Z,Total transferred file size: 88.29K bytes,,0
	2025-07-26T22:21:01.1984928Z,Literal data: 88.29K bytes,,0
	2025-07-26T22:21:01.2106973Z,Matched data: 0 bytes,,0
	2025-07-26T22:21:01.2375617Z,File list size: 0,,0
	2025-07-26T22:21:01.2685187Z,File list generation time: 0.020 seconds,,0
	2025-07-26T22:21:01.2910874Z,File list transfer time: 0.000 seconds,,0
	2025-07-26T22:21:01.3114709Z,Total bytes sent: 4.67K,,0
	2025-07-26T22:21:01.3315589Z,Total bytes received: 60,,0
	2025-07-26T22:21:01.3505541Z,,,0
	2025-07-26T22:21:01.3682208Z,sent 4.67K bytes  received 60 bytes  3.15K bytes/sec,,0
	2025-07-26T22:21:01.3895729Z,total size is 88.29K  speedup is 18.67,,0
	2025-07-26T22:21:01.4287126Z,,,0
	2025-07-26T22:21:01.4586893Z,Number of files: 3 (reg: 2&comma; dir: 1),,0
	2025-07-26T22:21:01.4734267Z,Number of created files: 0,,0
	2025-07-26T22:21:01.4777593Z,Number of deleted files: 0,,0
	2025-07-26T22:21:01.4827408Z,Number of regular files transferred: 2,,0
	2025-07-26T22:21:01.4869063Z,Total file size: 58.44K bytes,,0
	2025-07-26T22:21:01.4934377Z,Total transferred file size: 58.44K bytes,,0
	2025-07-26T22:21:01.5015832Z,Literal data: 58.44K bytes,,0
	2025-07-26T22:21:01.5090221Z,Matched data: 0 bytes,,0
	2025-07-26T22:21:01.5131859Z,File list size: 0,,0
	2025-07-26T22:21:01.5222605Z,File list generation time: 0.001 seconds,,0
	2025-07-26T22:21:01.5268364Z,File list transfer time: 0.000 seconds,,0
	2025-07-26T22:21:01.5340150Z,Total bytes sent: 15.51K,,0
	2025-07-26T22:21:01.5700719Z,Total bytes received: 57,,0
	2025-07-26T22:21:01.6829244Z,,,0
	2025-07-26T22:21:01.7203036Z,sent 15.51K bytes  received 57 bytes  10.38K bytes/sec,,0
	2025-07-26T22:21:01.7798246Z,total size is 58.44K  speedup is 3.75,,0
	2025-07-26T22:21:01.8312147Z,,,0
	2025-07-26T22:21:01.8908772Z,Number of files: 4 (reg: 2&comma; dir: 2),,0
	2025-07-26T22:21:01.9323775Z,Number of created files: 0,,0
	2025-07-26T22:21:02.0213323Z,Number of deleted files: 0,,0
	2025-07-26T22:21:02.0717207Z,Number of regular files transferred: 2,,0
	2025-07-26T22:21:02.1317864Z,Total file size: 32.15K bytes,,0
	2025-07-26T22:21:02.1640459Z,Total transferred file size: 32.15K bytes,,0
	2025-07-26T22:21:02.1844293Z,Literal data: 32.15K bytes,,0
	2025-07-26T22:21:02.2126410Z,Matched data: 0 bytes,,0
	2025-07-26T22:21:02.2241237Z,File list size: 0,,0
	2025-07-26T22:21:02.2456720Z,File list generation time: 0.001 seconds,,0
	2025-07-26T22:21:02.2662947Z,File list transfer time: 0.000 seconds,,0
	2025-07-26T22:21:02.3155550Z,Total bytes sent: 8.31K,,0
	2025-07-26T22:21:02.3358965Z,Total bytes received: 60,,0
	2025-07-26T22:21:02.3546196Z,,,0
	2025-07-26T22:21:02.3626766Z,sent 8.31K bytes  received 60 bytes  5.58K bytes/sec,,0
	2025-07-26T22:21:02.3728130Z,total size is 32.15K  speedup is 3.84,,0
	2025-07-26T22:21:02.3936434Z,Attempt 1: Rsync for filelist /tmp//splits/split.ag completed with exit code 0,,0
	2025-07-26T22:21:02.4037072Z,Attempt 1: Rsync for filelist /tmp//splits/split.ad completed with exit code 0,,0
	2025-07-26T22:21:02.4259587Z,Attempt 1: Rsync for filelist /tmp//splits/split.ac completed with exit code 0,,0
	2025-07-26T22:21:02.4549236Z,,,0
	2025-07-26T22:21:02.4734179Z,Number of files: 4 (reg: 2&comma; dir: 2),,0
	2025-07-26T22:21:02.4962966Z,Number of created files: 0,,0
	2025-07-26T22:21:02.5252494Z,Number of deleted files: 0,,0
	2025-07-26T22:21:02.5457967Z,Number of regular files transferred: 2,,0
	2025-07-26T22:21:02.5765040Z,Total file size: 88.29K bytes,,0
	2025-07-26T22:21:02.5939894Z,Total transferred file size: 88.29K bytes,,0
	2025-07-26T22:21:02.6150525Z,Literal data: 88.29K bytes,,0
	2025-07-26T22:21:02.6340670Z,Matched data: 0 bytes,,0
	2025-07-26T22:21:02.6376475Z,File list size: 0,,0
	2025-07-26T22:21:02.6482504Z,File list generation time: 0.001 seconds,,0
	2025-07-26T22:21:02.6641289Z,File list transfer time: 0.000 seconds,,0
	2025-07-26T22:21:02.6684780Z,Total bytes sent: 4.67K,,0
	2025-07-26T22:21:02.6875060Z,Total bytes received: 60,,0
	2025-07-26T22:21:02.6971422Z,,,0
	2025-07-26T22:21:02.7065548Z,sent 4.67K bytes  received 60 bytes  3.15K bytes/sec,,0
	2025-07-26T22:21:02.7161200Z,total size is 88.29K  speedup is 18.69,,0
	2025-07-26T22:21:02.7282447Z,Attempt 1: Rsync for filelist /tmp//splits/split.ae completed with exit code 0,,0
	2025-07-26T22:21:02.7389780Z,,,0
	2025-07-26T22:21:02.7491136Z,Number of files: 5 (reg: 2&comma; dir: 3),,0
	2025-07-26T22:21:02.7656661Z,Number of created files: 0,,0
	2025-07-26T22:21:02.7711836Z,Number of deleted files: 0,,0
	2025-07-26T22:21:02.7973626Z,Number of regular files transferred: 2,,0
	2025-07-26T22:21:02.8073849Z,Total file size: 276.18K bytes,,0
	2025-07-26T22:21:02.8179019Z,Total transferred file size: 276.18K bytes,,0
	2025-07-26T22:21:02.8285210Z,Literal data: 276.18K bytes,,0
	2025-07-26T22:21:02.8466932Z,Matched data: 0 bytes,,0
	2025-07-26T22:21:02.8668782Z,File list size: 0,,0
	2025-07-26T22:21:02.8766400Z,File list generation time: 0.001 seconds,,0
	2025-07-26T22:21:02.8861203Z,File list transfer time: 0.000 seconds,,0
	2025-07-26T22:21:02.8917246Z,Total bytes sent: 81.91K,,0
	2025-07-26T22:21:02.9068587Z,Total bytes received: 63,,0
	2025-07-26T22:21:02.9107609Z,,,0
	2025-07-26T22:21:02.9190878Z,sent 81.91K bytes  received 63 bytes  54.65K bytes/sec,,0
	2025-07-26T22:21:02.9266075Z,total size is 276.18K  speedup is 3.37,,0
	2025-07-26T22:21:02.9388999Z,Attempt 1: Rsync for filelist /tmp//splits/split.af completed with exit code 0,,0
	2025-07-26T22:21:02.9563820Z,,,0
	2025-07-26T22:21:02.9595117Z,Number of files: 2 (reg: 2),,0
	2025-07-26T22:21:02.9665267Z,Number of created files: 0,,0
	2025-07-26T22:21:02.9786101Z,Number of deleted files: 0,,0
	2025-07-26T22:21:02.9885386Z,Number of regular files transferred: 2,,0
	2025-07-26T22:21:02.9964905Z,Total file size: 5.57M bytes,,0
	2025-07-26T22:21:03.0110525Z,Total transferred file size: 5.57M bytes,,0
	2025-07-26T22:21:03.0223419Z,Literal data: 5.57M bytes,,0
	2025-07-26T22:21:03.0367947Z,Matched data: 0 bytes,,0
	2025-07-26T22:21:03.0414043Z,File list size: 0,,0
	2025-07-26T22:21:03.0599457Z,File list generation time: 0.001 seconds,,0
	2025-07-26T22:21:03.0785592Z,File list transfer time: 0.000 seconds,,0
	2025-07-26T22:21:03.0887760Z,Total bytes sent: 5.57M,,0
	2025-07-26T22:21:03.0924695Z,Total bytes received: 54,,0
	2025-07-26T22:21:03.1123418Z,,,0
	2025-07-26T22:21:03.1214084Z,sent 5.57M bytes  received 54 bytes  2.23M bytes/sec,,0
	2025-07-26T22:21:03.1290134Z,total size is 5.57M  speedup is 1.00,,0
	2025-07-26T22:21:03.1491698Z,Attempt 1: Rsync for filelist /tmp//splits/split.ab completed with exit code 0,,0
	2025-07-26T22:21:03.1531529Z,Deleting files not present in /tmp/zipdeploy/extracted/ from /home/site/wwwroot/ based on manifest file /home/site/deployments/57681fff-d0fc-43b9-a8b3-d8cee34c1f83/manifest,,0
	2025-07-26T22:21:03.1617412Z,Number of files deleted: 0. See /tmp//rsync_deletion_logs.txt for more details.,,0
	2025-07-26T22:21:03.1713020Z,create new manifest file at /home/site/deployments/f232ad7c-8355-43b0-b88e-ab2e977c1a51/manifest,,0
	2025-07-26T22:21:03.1809184Z,Excluding node_modules in next manifest file,,0
	2025-07-26T22:21:03.1903104Z,Completed successfully in 2 seconds,,0
2025-07-26T22:21:03.3238502Z,Rsync completed to /home/site/wwwroot,49f599e4-ee5a-4cbc-99c8-8fd2126fd175,0
2025-07-26T22:21:03.5452806Z,Manifest created at /home/site/wwwroot,38abd406-aada-4500-a829-cc9dc45c32f0,0
2025-07-26T22:21:03.6207200Z,Optimized build done with success: True,edb47eb3-6064-4fae-a0df-95232d1c7729,0
2025-07-26T22:21:03.6953895Z,Running post deployment command(s)...,e9034786-bd3a-438c-9e14-2b117bffbcd6,0
2025-07-26T22:21:03.7909645Z,Triggering recycle (preview mode disabled).,4be8085d-20a9-4245-88d7-c397dd25e6af,0
2025-07-26T22:21:03.9573136Z,Deployment successful. deployer = GITHUB_ZIP_DEPLOY deploymentPath = ZipDeploy. Extract zip.,2333e8aa-d53e-4807-82cf-00ed65e62df8,0
