2025-07-27T06:44:26.5498329Z Container start method called.
2025-07-27T06:44:26.5578216Z Establishing network.
2025-07-27T06:44:26.5586505Z Pulling image: appsvc/node:20-lts_20250506.5.tuxprod.
2025-07-27T06:44:28.5188335Z Container is starting.
2025-07-27T06:44:28.5287804Z Establishing user namespace if not established already.
2025-07-27T06:44:28.5291580Z Establishing network if not established already.
2025-07-27T06:44:28.5372454Z Mounting volumes.
2025-07-27T06:44:28.5377613Z Nested mountpoint 
2025-07-27T06:44:28.6271438Z Nested mountpoint volatile/logs
2025-07-27T06:44:28.6703770Z Nested mountpoint 
2025-07-27T06:44:29.0308308Z Nested mountpoint 
2025-07-27T06:44:29.0314537Z Nested mountpoint 
2025-07-27T06:44:32.2858566Z Creating container.
2025-07-27T06:44:32.2870454Z Creating pipes for streaming container io.
2025-07-27T06:44:32.2882267Z Creating stdout named pipe at /podr/container/pipe/6d101c07d7fc_scorekeeper/stdout_f65c95d418ed4056bb4ff609451fff6e.
2025-07-27T06:44:32.3263378Z Successfully created stdout named pipe at: /podr/container/pipe/6d101c07d7fc_scorekeeper/stdout_f65c95d418ed4056bb4ff609451fff6e.
2025-07-27T06:44:32.3576160Z Opening named pipe /podr/container/pipe/6d101c07d7fc_scorekeeper/stdout_f65c95d418ed4056bb4ff609451fff6e for reading in non-blocking mode.
2025-07-27T06:44:32.3587492Z Successfully opened named pipe: /podr/container/pipe/6d101c07d7fc_scorekeeper/stdout_f65c95d418ed4056bb4ff609451fff6e.
2025-07-27T06:44:32.3764263Z Successfully removed non-blocking flag from /podr/container/pipe/6d101c07d7fc_scorekeeper/stdout_f65c95d418ed4056bb4ff609451fff6e.
2025-07-27T06:44:32.3784220Z Creating stderr named pipe at /podr/container/pipe/6d101c07d7fc_scorekeeper/stderr_30d73722c7cb41b798e93d66a83f18eb.
2025-07-27T06:44:32.3798718Z Successfully created stderr named pipe at: /podr/container/pipe/6d101c07d7fc_scorekeeper/stderr_30d73722c7cb41b798e93d66a83f18eb.
2025-07-27T06:44:32.3890038Z Opening named pipe /podr/container/pipe/6d101c07d7fc_scorekeeper/stderr_30d73722c7cb41b798e93d66a83f18eb for reading in non-blocking mode.
2025-07-27T06:44:32.3979606Z Successfully opened named pipe: /podr/container/pipe/6d101c07d7fc_scorekeeper/stderr_30d73722c7cb41b798e93d66a83f18eb.
2025-07-27T06:44:32.3988486Z Successfully removed non-blocking flag from /podr/container/pipe/6d101c07d7fc_scorekeeper/stderr_30d73722c7cb41b798e93d66a83f18eb.
2025-07-27T06:44:32.4097387Z Creating container with image: appsvc/node:20-lts_20250506.5.tuxprod from registry: 10.1.0.6:13209 and fully qualified image name: 10.1.0.6:13209/appsvc/node:20-lts_20250506.5.tuxprod
2025-07-27T06:44:35.4553734Z Starting container: 6d101c07d7fc_scorekeeper.
2025-07-27T06:44:35.6969646Z Starting watchers and probes.
2025-07-27T06:44:35.7360862Z Starting metrics collection.
2025-07-27T06:44:35.7367021Z Container is running.
2025-07-27T06:44:36.2610419Z Container start method finished after 9710 ms.
2025-07-27T06:45:40.4476379Z Site startup probe succeeded after 64.0961549 seconds.
2025-07-27T06:45:40.5449816Z Site started.
2025-07-27T06:45:40.5678808Z Site is running with deployment version: c4307e96-9aba-4313-9ba7-f9f283bf781c
