2025-07-26T21:57:41.2406424Z Container start method called.
2025-07-26T21:57:41.2505354Z Establishing network.
2025-07-26T21:57:41.2518208Z Pulling image: appsvc/node:20-lts_20250506.5.tuxprod.
2025-07-26T21:57:42.3534748Z Container is starting.
2025-07-26T21:57:42.3613643Z Establishing user namespace if not established already.
2025-07-26T21:57:42.3617082Z Establishing network if not established already.
2025-07-26T21:57:42.3800128Z Mounting volumes.
2025-07-26T21:57:42.3820180Z Nested mountpoint 
2025-07-26T21:57:42.4114304Z Nested mountpoint volatile/logs
2025-07-26T21:57:42.4521790Z Nested mountpoint 
2025-07-26T21:57:42.4616979Z Nested mountpoint 
2025-07-26T21:57:42.4826649Z Nested mountpoint 
2025-07-26T21:57:43.8903096Z Creating container.
2025-07-26T21:57:43.8991676Z Creating pipes for streaming container io.
2025-07-26T21:57:43.9083757Z Creating stdout named pipe at /podr/container/pipe/78d83ae37687_scorekeeper/stdout_08fd9ddfeee247a8b2f36d8173f4b488.
2025-07-26T21:57:43.9103271Z Successfully created stdout named pipe at: /podr/container/pipe/78d83ae37687_scorekeeper/stdout_08fd9ddfeee247a8b2f36d8173f4b488.
2025-07-26T21:57:43.9286333Z Opening named pipe /podr/container/pipe/78d83ae37687_scorekeeper/stdout_08fd9ddfeee247a8b2f36d8173f4b488 for reading in non-blocking mode.
2025-07-26T21:57:43.9293707Z Successfully opened named pipe: /podr/container/pipe/78d83ae37687_scorekeeper/stdout_08fd9ddfeee247a8b2f36d8173f4b488.
2025-07-26T21:57:43.9300839Z Successfully removed non-blocking flag from /podr/container/pipe/78d83ae37687_scorekeeper/stdout_08fd9ddfeee247a8b2f36d8173f4b488.
2025-07-26T21:57:43.9310832Z Creating stderr named pipe at /podr/container/pipe/78d83ae37687_scorekeeper/stderr_2c1f8205c2194d2d964bd6b4d47862d2.
2025-07-26T21:57:43.9914679Z Successfully created stderr named pipe at: /podr/container/pipe/78d83ae37687_scorekeeper/stderr_2c1f8205c2194d2d964bd6b4d47862d2.
2025-07-26T21:57:44.0000699Z Opening named pipe /podr/container/pipe/78d83ae37687_scorekeeper/stderr_2c1f8205c2194d2d964bd6b4d47862d2 for reading in non-blocking mode.
2025-07-26T21:57:44.0018282Z Successfully opened named pipe: /podr/container/pipe/78d83ae37687_scorekeeper/stderr_2c1f8205c2194d2d964bd6b4d47862d2.
2025-07-26T21:57:44.0089915Z Successfully removed non-blocking flag from /podr/container/pipe/78d83ae37687_scorekeeper/stderr_2c1f8205c2194d2d964bd6b4d47862d2.
2025-07-26T21:57:44.0097933Z Creating container with image: appsvc/node:20-lts_20250506.5.tuxprod from registry: 10.1.0.4:13209 and fully qualified image name: 10.1.0.4:13209/appsvc/node:20-lts_20250506.5.tuxprod
2025-07-26T21:57:45.2443628Z Starting container: 78d83ae37687_scorekeeper.
2025-07-26T21:57:45.4622029Z Starting watchers and probes.
2025-07-26T21:57:45.4733506Z Starting metrics collection.
2025-07-26T21:57:45.4825420Z Container is running.
2025-07-26T21:57:45.9478859Z Container start method finished after 4616 ms.
2025-07-26T21:58:16.2496345Z Site startup probe succeeded after 30.2836151 seconds.
2025-07-26T21:58:16.3624889Z Site started.
2025-07-26T21:58:16.4204470Z Site is running with deployment version: 
2025-07-26T21:58:48.9081646Z Container start method called.
2025-07-26T21:58:48.9091047Z Establishing network.
2025-07-26T21:58:48.9098581Z Pulling image: appsvc/node:20-lts_20250506.5.tuxprod.
2025-07-26T21:58:49.8160766Z Container is starting.
2025-07-26T21:58:49.8174714Z Establishing user namespace if not established already.
2025-07-26T21:58:49.8249827Z Establishing network if not established already.
2025-07-26T21:58:49.8265296Z Mounting volumes.
2025-07-26T21:58:49.8280856Z Nested mountpoint 
2025-07-26T21:58:49.8867286Z Nested mountpoint volatile/logs
2025-07-26T21:58:49.9072498Z Nested mountpoint 
2025-07-26T21:58:49.9566379Z Nested mountpoint 
2025-07-26T21:58:50.2265827Z Nested mountpoint 
2025-07-26T21:58:50.9449262Z Creating container.
2025-07-26T21:58:50.9466294Z Creating pipes for streaming container io.
2025-07-26T21:58:50.9744939Z Creating stdout named pipe at /podr/container/pipe/0da05f9a925f_scorekeeper/stdout_845ba148d376421b8ce338e1e307d03d.
2025-07-26T21:58:50.9965766Z Successfully created stdout named pipe at: /podr/container/pipe/0da05f9a925f_scorekeeper/stdout_845ba148d376421b8ce338e1e307d03d.
2025-07-26T21:58:51.0144655Z Opening named pipe /podr/container/pipe/0da05f9a925f_scorekeeper/stdout_845ba148d376421b8ce338e1e307d03d for reading in non-blocking mode.
2025-07-26T21:58:51.0159031Z Successfully opened named pipe: /podr/container/pipe/0da05f9a925f_scorekeeper/stdout_845ba148d376421b8ce338e1e307d03d.
2025-07-26T21:58:51.0236062Z Successfully removed non-blocking flag from /podr/container/pipe/0da05f9a925f_scorekeeper/stdout_845ba148d376421b8ce338e1e307d03d.
2025-07-26T21:58:51.0251148Z Creating stderr named pipe at /podr/container/pipe/0da05f9a925f_scorekeeper/stderr_df1cfe6516c3494790c94fe577e564bc.
2025-07-26T21:58:51.0270172Z Successfully created stderr named pipe at: /podr/container/pipe/0da05f9a925f_scorekeeper/stderr_df1cfe6516c3494790c94fe577e564bc.
2025-07-26T21:58:51.0349196Z Opening named pipe /podr/container/pipe/0da05f9a925f_scorekeeper/stderr_df1cfe6516c3494790c94fe577e564bc for reading in non-blocking mode.
2025-07-26T21:58:51.0368602Z Successfully opened named pipe: /podr/container/pipe/0da05f9a925f_scorekeeper/stderr_df1cfe6516c3494790c94fe577e564bc.
2025-07-26T21:58:51.0439899Z Successfully removed non-blocking flag from /podr/container/pipe/0da05f9a925f_scorekeeper/stderr_df1cfe6516c3494790c94fe577e564bc.
2025-07-26T21:58:51.0447672Z Creating container with image: appsvc/node:20-lts_20250506.5.tuxprod from registry: 10.1.0.4:13209 and fully qualified image name: 10.1.0.4:13209/appsvc/node:20-lts_20250506.5.tuxprod
2025-07-26T21:58:51.7271965Z Starting container: 0da05f9a925f_scorekeeper.
2025-07-26T21:58:51.8202879Z Starting watchers and probes.
2025-07-26T21:58:51.8592357Z Starting metrics collection.
2025-07-26T21:58:51.9005311Z Container is running.
2025-07-26T21:58:52.2814757Z Container start method finished after 3351 ms.
2025-07-26T21:58:54.8534503Z Site startup probe failed after 2.5031372 seconds.
2025-07-26T21:58:55.0045716Z Failed to start site. Revert by stopping site.
2025-07-26T21:58:55.0067520Z Container is terminating. Grace period: 5 seconds.
2025-07-26T21:58:55.0671417Z Stop and delete container. Retry count = 0
2025-07-26T21:58:55.0681908Z Stopping container: 0da05f9a925f_scorekeeper.
2025-07-26T21:59:00.5347020Z Deleting container: 0da05f9a925f_scorekeeper. Retry count = 0
2025-07-26T21:59:02.1039489Z Container spec TerminationMessagePolicy  path 
2025-07-26T21:59:02.1826869Z Container is terminated. Total time elapsed: 7097 ms.
2025-07-26T21:59:02.2010086Z Site container: scorekeeper terminated during site startup.
2025-07-26T21:59:02.2133737Z Site: scorekeeper stopped.
2025-07-26T21:59:24.1285572Z Container is terminating. Grace period: 5 seconds.
2025-07-26T21:59:24.2166548Z Stop and delete container. Retry count = 0
2025-07-26T21:59:24.2168818Z Stopping container: 78d83ae37687_scorekeeper.
2025-07-26T21:59:24.6941518Z Deleting container: 78d83ae37687_scorekeeper. Retry count = 0
2025-07-26T21:59:25.3617697Z Container spec TerminationMessagePolicy  path 
2025-07-26T21:59:25.3681343Z Container is terminated. Total time elapsed: 1238 ms.
2025-07-26T21:59:25.3689067Z Site: scorekeeper stopped.
2025-07-26T22:00:13.5603463Z Container start method called.
2025-07-26T22:00:13.5617477Z Establishing network.
2025-07-26T22:00:13.5625426Z Pulling image: appsvc/node:20-lts_20250506.5.tuxprod.
2025-07-26T22:00:14.3252866Z Container is starting.
2025-07-26T22:00:14.3260269Z Establishing user namespace if not established already.
2025-07-26T22:00:14.3267805Z Establishing network if not established already.
2025-07-26T22:00:14.3335112Z Mounting volumes.
2025-07-26T22:00:14.3341687Z Nested mountpoint 
2025-07-26T22:00:14.3540181Z Nested mountpoint volatile/logs
2025-07-26T22:00:14.3745434Z Nested mountpoint 
2025-07-26T22:00:14.4159034Z Nested mountpoint 
2025-07-26T22:00:14.4355210Z Nested mountpoint 
2025-07-26T22:00:15.1901864Z Creating container.
2025-07-26T22:00:15.2003814Z Creating pipes for streaming container io.
2025-07-26T22:00:15.2013162Z Creating stdout named pipe at /podr/container/pipe/06af10de3bf1_scorekeeper/stdout_6765058bb2954c93ab24a73fcebaab38.
2025-07-26T22:00:15.2021265Z Successfully created stdout named pipe at: /podr/container/pipe/06af10de3bf1_scorekeeper/stdout_6765058bb2954c93ab24a73fcebaab38.
2025-07-26T22:00:15.2028854Z Opening named pipe /podr/container/pipe/06af10de3bf1_scorekeeper/stdout_6765058bb2954c93ab24a73fcebaab38 for reading in non-blocking mode.
2025-07-26T22:00:15.2113125Z Successfully opened named pipe: /podr/container/pipe/06af10de3bf1_scorekeeper/stdout_6765058bb2954c93ab24a73fcebaab38.
2025-07-26T22:00:15.2139219Z Successfully removed non-blocking flag from /podr/container/pipe/06af10de3bf1_scorekeeper/stdout_6765058bb2954c93ab24a73fcebaab38.
2025-07-26T22:00:15.2323527Z Creating stderr named pipe at /podr/container/pipe/06af10de3bf1_scorekeeper/stderr_d93431e0b9db422e9ac572ade5f9a54b.
2025-07-26T22:00:15.2332258Z Successfully created stderr named pipe at: /podr/container/pipe/06af10de3bf1_scorekeeper/stderr_d93431e0b9db422e9ac572ade5f9a54b.
2025-07-26T22:00:15.2339000Z Opening named pipe /podr/container/pipe/06af10de3bf1_scorekeeper/stderr_d93431e0b9db422e9ac572ade5f9a54b for reading in non-blocking mode.
2025-07-26T22:00:15.2519148Z Successfully opened named pipe: /podr/container/pipe/06af10de3bf1_scorekeeper/stderr_d93431e0b9db422e9ac572ade5f9a54b.
2025-07-26T22:00:15.2536710Z Successfully removed non-blocking flag from /podr/container/pipe/06af10de3bf1_scorekeeper/stderr_d93431e0b9db422e9ac572ade5f9a54b.
2025-07-26T22:00:15.2622991Z Creating container with image: appsvc/node:20-lts_20250506.5.tuxprod from registry: 10.1.0.6:13209 and fully qualified image name: 10.1.0.6:13209/appsvc/node:20-lts_20250506.5.tuxprod
2025-07-26T22:00:15.7660140Z Starting container: 06af10de3bf1_scorekeeper.
2025-07-26T22:00:15.8170986Z Starting watchers and probes.
2025-07-26T22:00:15.9195914Z Starting metrics collection.
2025-07-26T22:00:15.9402554Z Container is running.
2025-07-26T22:00:16.9136315Z Container start method finished after 3304 ms.
2025-07-26T22:00:46.0643219Z Site startup probe succeeded after 29.1219886 seconds.
2025-07-26T22:00:46.1441342Z Site started.
2025-07-26T22:00:46.1612145Z Site is running with deployment version: d989d4dc-a42d-4ef6-815f-2efdbf7dfd3f
2025-07-26T22:12:58.7647062Z Container start method called.
2025-07-26T22:12:58.7662316Z Establishing network.
2025-07-26T22:12:58.7665290Z Pulling image: appsvc/node:20-lts_20250506.5.tuxprod.
2025-07-26T22:13:00.0919426Z Container is starting.
2025-07-26T22:13:00.0927309Z Establishing user namespace if not established already.
2025-07-26T22:13:00.0934550Z Establishing network if not established already.
2025-07-26T22:13:00.1014691Z Mounting volumes.
2025-07-26T22:13:00.1026029Z Nested mountpoint 
2025-07-26T22:13:00.1738078Z Nested mountpoint volatile/logs
2025-07-26T22:13:00.3136304Z Nested mountpoint 
2025-07-26T22:13:00.4542011Z Nested mountpoint 
2025-07-26T22:13:00.4562418Z Nested mountpoint 
2025-07-26T22:13:04.0649443Z Creating container.
2025-07-26T22:13:04.0718239Z Creating pipes for streaming container io.
2025-07-26T22:13:04.0735807Z Creating stdout named pipe at /podr/container/pipe/e8fe71451b3c_scorekeeper/stdout_88c4f9caa5f94a09a94603bcc1223970.
2025-07-26T22:13:04.0743362Z Successfully created stdout named pipe at: /podr/container/pipe/e8fe71451b3c_scorekeeper/stdout_88c4f9caa5f94a09a94603bcc1223970.
2025-07-26T22:13:04.0754222Z Opening named pipe /podr/container/pipe/e8fe71451b3c_scorekeeper/stdout_88c4f9caa5f94a09a94603bcc1223970 for reading in non-blocking mode.
2025-07-26T22:13:04.0948030Z Successfully opened named pipe: /podr/container/pipe/e8fe71451b3c_scorekeeper/stdout_88c4f9caa5f94a09a94603bcc1223970.
2025-07-26T22:13:04.0952760Z Successfully removed non-blocking flag from /podr/container/pipe/e8fe71451b3c_scorekeeper/stdout_88c4f9caa5f94a09a94603bcc1223970.
2025-07-26T22:13:04.1350594Z Creating stderr named pipe at /podr/container/pipe/e8fe71451b3c_scorekeeper/stderr_e445037a8bbb40969712b5c822113349.
2025-07-26T22:13:04.1537860Z Successfully created stderr named pipe at: /podr/container/pipe/e8fe71451b3c_scorekeeper/stderr_e445037a8bbb40969712b5c822113349.
2025-07-26T22:13:04.1552554Z Opening named pipe /podr/container/pipe/e8fe71451b3c_scorekeeper/stderr_e445037a8bbb40969712b5c822113349 for reading in non-blocking mode.
2025-07-26T22:13:04.1734132Z Successfully opened named pipe: /podr/container/pipe/e8fe71451b3c_scorekeeper/stderr_e445037a8bbb40969712b5c822113349.
2025-07-26T22:13:04.1845737Z Successfully removed non-blocking flag from /podr/container/pipe/e8fe71451b3c_scorekeeper/stderr_e445037a8bbb40969712b5c822113349.
2025-07-26T22:13:04.2243925Z Creating container with image: appsvc/node:20-lts_20250506.5.tuxprod from registry: 10.1.0.4:13209 and fully qualified image name: 10.1.0.4:13209/appsvc/node:20-lts_20250506.5.tuxprod
2025-07-26T22:13:08.2287432Z Starting container: e8fe71451b3c_scorekeeper.
2025-07-26T22:13:08.3496124Z Starting watchers and probes.
2025-07-26T22:13:08.3518746Z Starting metrics collection.
2025-07-26T22:13:08.3525705Z Container is running.
2025-07-26T22:13:08.7841685Z Container start method finished after 10018 ms.
2025-07-26T22:14:00.1042275Z Site startup probe succeeded after 51.1100678 seconds.
2025-07-26T22:14:00.3073452Z Site started.
2025-07-26T22:14:00.3257838Z Site is running with deployment version: d989d4dc-a42d-4ef6-815f-2efdbf7dfd3f
2025-07-26T22:14:20.4270458Z Container is terminating. Grace period: 5 seconds.
2025-07-26T22:14:20.4418638Z Stop and delete container. Retry count = 0
2025-07-26T22:14:20.4498699Z Stopping container: 06af10de3bf1_scorekeeper.
2025-07-26T22:14:20.6635673Z Deleting container: 06af10de3bf1_scorekeeper. Retry count = 0
2025-07-26T22:14:22.2183369Z Container spec TerminationMessagePolicy  path 
2025-07-26T22:14:22.2247762Z Container is terminated. Total time elapsed: 1796 ms.
2025-07-26T22:14:22.2267440Z Site: scorekeeper stopped.
2025-07-26T22:14:53.7172022Z Container start method called.
2025-07-26T22:14:53.7173549Z Establishing network.
2025-07-26T22:14:53.7174519Z Pulling image: appsvc/node:20-lts_20250506.5.tuxprod.
2025-07-26T22:14:55.3872783Z Container is starting.
2025-07-26T22:14:55.3880286Z Establishing user namespace if not established already.
2025-07-26T22:14:55.3958116Z Establishing network if not established already.
2025-07-26T22:14:55.3971130Z Mounting volumes.
2025-07-26T22:14:55.4066611Z Nested mountpoint 
2025-07-26T22:14:55.4366773Z Nested mountpoint volatile/logs
2025-07-26T22:14:55.6696962Z Nested mountpoint 
2025-07-26T22:14:55.8276082Z Nested mountpoint 
2025-07-26T22:14:55.8605809Z Nested mountpoint 
2025-07-26T22:14:58.5641546Z Creating container.
2025-07-26T22:14:58.5667572Z Creating pipes for streaming container io.
2025-07-26T22:14:58.5748852Z Creating stdout named pipe at /podr/container/pipe/4b6a99c2a956_scorekeeper/stdout_beaecfa868764fc382f5b003da04d5fc.
2025-07-26T22:14:58.5836690Z Successfully created stdout named pipe at: /podr/container/pipe/4b6a99c2a956_scorekeeper/stdout_beaecfa868764fc382f5b003da04d5fc.
2025-07-26T22:14:58.5850131Z Opening named pipe /podr/container/pipe/4b6a99c2a956_scorekeeper/stdout_beaecfa868764fc382f5b003da04d5fc for reading in non-blocking mode.
2025-07-26T22:14:58.6073506Z Successfully opened named pipe: /podr/container/pipe/4b6a99c2a956_scorekeeper/stdout_beaecfa868764fc382f5b003da04d5fc.
2025-07-26T22:14:58.6750024Z Successfully removed non-blocking flag from /podr/container/pipe/4b6a99c2a956_scorekeeper/stdout_beaecfa868764fc382f5b003da04d5fc.
2025-07-26T22:14:58.6761281Z Creating stderr named pipe at /podr/container/pipe/4b6a99c2a956_scorekeeper/stderr_526a72530c7c4a49a7acbdec3332d90a.
2025-07-26T22:14:58.6770340Z Successfully created stderr named pipe at: /podr/container/pipe/4b6a99c2a956_scorekeeper/stderr_526a72530c7c4a49a7acbdec3332d90a.
2025-07-26T22:14:58.6839718Z Opening named pipe /podr/container/pipe/4b6a99c2a956_scorekeeper/stderr_526a72530c7c4a49a7acbdec3332d90a for reading in non-blocking mode.
2025-07-26T22:14:58.6845150Z Successfully opened named pipe: /podr/container/pipe/4b6a99c2a956_scorekeeper/stderr_526a72530c7c4a49a7acbdec3332d90a.
2025-07-26T22:14:58.6852093Z Successfully removed non-blocking flag from /podr/container/pipe/4b6a99c2a956_scorekeeper/stderr_526a72530c7c4a49a7acbdec3332d90a.
2025-07-26T22:14:58.7372657Z Creating container with image: appsvc/node:20-lts_20250506.5.tuxprod from registry: 10.1.0.4:13209 and fully qualified image name: 10.1.0.4:13209/appsvc/node:20-lts_20250506.5.tuxprod
2025-07-26T22:15:00.4144510Z Starting container: 4b6a99c2a956_scorekeeper.
2025-07-26T22:15:00.6968607Z Starting watchers and probes.
2025-07-26T22:15:00.7054627Z Starting metrics collection.
2025-07-26T22:15:00.7149386Z Container is running.
2025-07-26T22:15:01.4072107Z Container start method finished after 7542 ms.
2025-07-26T22:15:56.9541376Z Site startup probe succeeded after 55.5341514 seconds.
2025-07-26T22:15:57.0753503Z Site started.
2025-07-26T22:15:57.1124171Z Site is running with deployment version: d989d4dc-a42d-4ef6-815f-2efdbf7dfd3f
2025-07-26T22:16:17.1712602Z Container is terminating. Grace period: 5 seconds.
2025-07-26T22:16:17.2020371Z Stop and delete container. Retry count = 0
2025-07-26T22:16:17.2097087Z Stopping container: e8fe71451b3c_scorekeeper.
2025-07-26T22:16:17.4303169Z Deleting container: e8fe71451b3c_scorekeeper. Retry count = 0
2025-07-26T22:16:18.8675057Z Container spec TerminationMessagePolicy  path 
2025-07-26T22:16:18.8693091Z Container is terminated. Total time elapsed: 1696 ms.
2025-07-26T22:16:18.8711754Z Site: scorekeeper stopped.
2025-07-26T22:18:05.1345557Z Container start method called.
2025-07-26T22:18:05.1552138Z Establishing network.
2025-07-26T22:18:05.1565066Z Pulling image: appsvc/node:20-lts_20250506.5.tuxprod.
2025-07-26T22:18:07.4417754Z Container is starting.
2025-07-26T22:18:07.4515029Z Establishing user namespace if not established already.
2025-07-26T22:18:07.4798523Z Establishing network if not established already.
2025-07-26T22:18:07.4801617Z Mounting volumes.
2025-07-26T22:18:07.4805339Z Nested mountpoint 
2025-07-26T22:18:07.5298410Z Nested mountpoint volatile/logs
2025-07-26T22:18:07.6030204Z Nested mountpoint 
2025-07-26T22:18:07.7626432Z Nested mountpoint 
2025-07-26T22:18:07.8433000Z Nested mountpoint 
2025-07-26T22:18:09.1626016Z Creating container.
2025-07-26T22:18:09.2018870Z Creating pipes for streaming container io.
2025-07-26T22:18:09.2033994Z Creating stdout named pipe at /podr/container/pipe/6c95d7266a28_scorekeeper/stdout_ae3ae8bce08b4e97a49812fa9fbbe842.
2025-07-26T22:18:09.2315698Z Successfully created stdout named pipe at: /podr/container/pipe/6c95d7266a28_scorekeeper/stdout_ae3ae8bce08b4e97a49812fa9fbbe842.
2025-07-26T22:18:09.2322742Z Opening named pipe /podr/container/pipe/6c95d7266a28_scorekeeper/stdout_ae3ae8bce08b4e97a49812fa9fbbe842 for reading in non-blocking mode.
2025-07-26T22:18:09.2330325Z Successfully opened named pipe: /podr/container/pipe/6c95d7266a28_scorekeeper/stdout_ae3ae8bce08b4e97a49812fa9fbbe842.
2025-07-26T22:18:09.2396826Z Successfully removed non-blocking flag from /podr/container/pipe/6c95d7266a28_scorekeeper/stdout_ae3ae8bce08b4e97a49812fa9fbbe842.
2025-07-26T22:18:09.2402566Z Creating stderr named pipe at /podr/container/pipe/6c95d7266a28_scorekeeper/stderr_81b18501944e418bb256f7fb12bdc1fc.
2025-07-26T22:18:09.2408952Z Successfully created stderr named pipe at: /podr/container/pipe/6c95d7266a28_scorekeeper/stderr_81b18501944e418bb256f7fb12bdc1fc.
2025-07-26T22:18:09.2414637Z Opening named pipe /podr/container/pipe/6c95d7266a28_scorekeeper/stderr_81b18501944e418bb256f7fb12bdc1fc for reading in non-blocking mode.
2025-07-26T22:18:09.2420653Z Successfully opened named pipe: /podr/container/pipe/6c95d7266a28_scorekeeper/stderr_81b18501944e418bb256f7fb12bdc1fc.
2025-07-26T22:18:09.2426674Z Successfully removed non-blocking flag from /podr/container/pipe/6c95d7266a28_scorekeeper/stderr_81b18501944e418bb256f7fb12bdc1fc.
2025-07-26T22:18:09.2432488Z Creating container with image: appsvc/node:20-lts_20250506.5.tuxprod from registry: 10.1.0.6:13209 and fully qualified image name: 10.1.0.6:13209/appsvc/node:20-lts_20250506.5.tuxprod
2025-07-26T22:18:09.9477197Z Starting container: 6c95d7266a28_scorekeeper.
2025-07-26T22:18:10.0104324Z Starting watchers and probes.
2025-07-26T22:18:10.0130130Z Starting metrics collection.
2025-07-26T22:18:10.0627351Z Container is running.
2025-07-26T22:18:10.4141925Z Container start method finished after 5279 ms.
2025-07-26T22:18:42.3362187Z Site startup probe succeeded after 31.87264 seconds.
2025-07-26T22:18:43.2524118Z Site started.
2025-07-26T22:18:43.2637759Z Site is running with deployment version: 57681fff-d0fc-43b9-a8b3-d8cee34c1f83
2025-07-26T22:19:03.2961306Z Container is terminating. Grace period: 5 seconds.
2025-07-26T22:19:03.3350890Z Stop and delete container. Retry count = 0
2025-07-26T22:19:03.3372519Z Stopping container: 4b6a99c2a956_scorekeeper.
2025-07-26T22:19:03.6381964Z Deleting container: 4b6a99c2a956_scorekeeper. Retry count = 0
2025-07-26T22:19:05.3648452Z Container spec TerminationMessagePolicy  path 
2025-07-26T22:19:05.3657759Z Container is terminated. Total time elapsed: 2068 ms.
2025-07-26T22:19:05.3658362Z Site: scorekeeper stopped.
2025-07-26T22:21:06.2895210Z Container start method called.
2025-07-26T22:21:06.2972053Z Establishing network.
2025-07-26T22:21:06.2974055Z Pulling image: appsvc/node:20-lts_20250506.5.tuxprod.
2025-07-26T22:21:08.0111897Z Container is starting.
2025-07-26T22:21:08.0129077Z Establishing user namespace if not established already.
2025-07-26T22:21:08.0521944Z Establishing network if not established already.
2025-07-26T22:21:08.0525786Z Mounting volumes.
2025-07-26T22:21:08.0532642Z Nested mountpoint 
2025-07-26T22:21:08.1044931Z Nested mountpoint volatile/logs
2025-07-26T22:21:08.1343354Z Nested mountpoint 
2025-07-26T22:21:08.1830209Z Nested mountpoint 
2025-07-26T22:21:08.2932426Z Nested mountpoint 
2025-07-26T22:21:10.3943528Z Creating container.
2025-07-26T22:21:10.4553543Z Creating pipes for streaming container io.
2025-07-26T22:21:10.4660578Z Creating stdout named pipe at /podr/container/pipe/87a5f714dc8f_scorekeeper/stdout_9f2a9c70df724dfb907087627476181f.
2025-07-26T22:21:10.4754879Z Successfully created stdout named pipe at: /podr/container/pipe/87a5f714dc8f_scorekeeper/stdout_9f2a9c70df724dfb907087627476181f.
2025-07-26T22:21:10.4852233Z Opening named pipe /podr/container/pipe/87a5f714dc8f_scorekeeper/stdout_9f2a9c70df724dfb907087627476181f for reading in non-blocking mode.
2025-07-26T22:21:10.4858742Z Successfully opened named pipe: /podr/container/pipe/87a5f714dc8f_scorekeeper/stdout_9f2a9c70df724dfb907087627476181f.
2025-07-26T22:21:10.4964890Z Successfully removed non-blocking flag from /podr/container/pipe/87a5f714dc8f_scorekeeper/stdout_9f2a9c70df724dfb907087627476181f.
2025-07-26T22:21:10.5042138Z Creating stderr named pipe at /podr/container/pipe/87a5f714dc8f_scorekeeper/stderr_cd5c92f0d0a447a6b6652a458828c6af.
2025-07-26T22:21:10.5051453Z Successfully created stderr named pipe at: /podr/container/pipe/87a5f714dc8f_scorekeeper/stderr_cd5c92f0d0a447a6b6652a458828c6af.
2025-07-26T22:21:10.5061427Z Opening named pipe /podr/container/pipe/87a5f714dc8f_scorekeeper/stderr_cd5c92f0d0a447a6b6652a458828c6af for reading in non-blocking mode.
2025-07-26T22:21:10.5136469Z Successfully opened named pipe: /podr/container/pipe/87a5f714dc8f_scorekeeper/stderr_cd5c92f0d0a447a6b6652a458828c6af.
2025-07-26T22:21:10.5146073Z Successfully removed non-blocking flag from /podr/container/pipe/87a5f714dc8f_scorekeeper/stderr_cd5c92f0d0a447a6b6652a458828c6af.
2025-07-26T22:21:10.5154458Z Creating container with image: appsvc/node:20-lts_20250506.5.tuxprod from registry: 10.1.0.4:13209 and fully qualified image name: 10.1.0.4:13209/appsvc/node:20-lts_20250506.5.tuxprod
2025-07-26T22:21:12.1785570Z Starting container: 87a5f714dc8f_scorekeeper.
2025-07-26T22:21:12.2693632Z Starting watchers and probes.
2025-07-26T22:21:12.2964048Z Starting metrics collection.
2025-07-26T22:21:12.2973496Z Container is running.
2025-07-26T22:21:15.1931183Z Container start method finished after 8876 ms.
2025-07-26T22:21:47.5365256Z Site startup probe succeeded after 32.2847119 seconds.
2025-07-26T22:21:47.6323844Z Site started.
2025-07-26T22:21:47.6538610Z Site is running with deployment version: f232ad7c-8355-43b0-b88e-ab2e977c1a51
2025-07-26T22:22:07.7014855Z Container is terminating. Grace period: 5 seconds.
2025-07-26T22:22:07.7201651Z Stop and delete container. Retry count = 0
2025-07-26T22:22:07.7210532Z Stopping container: 6c95d7266a28_scorekeeper.
2025-07-26T22:22:08.0632799Z Deleting container: 6c95d7266a28_scorekeeper. Retry count = 0
2025-07-26T22:22:10.0779987Z Container spec TerminationMessagePolicy  path 
2025-07-26T22:22:10.0874641Z Container is terminated. Total time elapsed: 2373 ms.
2025-07-26T22:22:10.0974132Z Site: scorekeeper stopped.
2025-07-26T22:40:18.5339473Z Container start method called.
2025-07-26T22:40:18.5359007Z Establishing network.
2025-07-26T22:40:18.5367565Z Pulling image: appsvc/node:20-lts_20250506.5.tuxprod.
2025-07-26T22:40:19.4350839Z Container is starting.
2025-07-26T22:40:19.4408842Z Establishing user namespace if not established already.
2025-07-26T22:40:19.4503920Z Establishing network if not established already.
2025-07-26T22:40:19.4523104Z Mounting volumes.
2025-07-26T22:40:19.4630236Z Nested mountpoint 
2025-07-26T22:40:19.4742363Z Nested mountpoint volatile/logs
2025-07-26T22:40:19.5312672Z Nested mountpoint 
2025-07-26T22:40:19.6659208Z Nested mountpoint 
2025-07-26T22:40:19.6944913Z Nested mountpoint 
2025-07-26T22:40:20.6690653Z Creating container.
2025-07-26T22:40:20.6797499Z Creating pipes for streaming container io.
2025-07-26T22:40:20.6802648Z Creating stdout named pipe at /podr/container/pipe/d125043075ad_scorekeeper/stdout_cb36f577e68b45debcf4f49004e78ed0.
2025-07-26T22:40:20.7089874Z Successfully created stdout named pipe at: /podr/container/pipe/d125043075ad_scorekeeper/stdout_cb36f577e68b45debcf4f49004e78ed0.
2025-07-26T22:40:20.7098456Z Opening named pipe /podr/container/pipe/d125043075ad_scorekeeper/stdout_cb36f577e68b45debcf4f49004e78ed0 for reading in non-blocking mode.
2025-07-26T22:40:20.7109115Z Successfully opened named pipe: /podr/container/pipe/d125043075ad_scorekeeper/stdout_cb36f577e68b45debcf4f49004e78ed0.
2025-07-26T22:40:20.7187192Z Successfully removed non-blocking flag from /podr/container/pipe/d125043075ad_scorekeeper/stdout_cb36f577e68b45debcf4f49004e78ed0.
2025-07-26T22:40:20.7190465Z Creating stderr named pipe at /podr/container/pipe/d125043075ad_scorekeeper/stderr_eeeb0579cd9d455f9c4d79ed2b46cb1c.
2025-07-26T22:40:20.7195922Z Successfully created stderr named pipe at: /podr/container/pipe/d125043075ad_scorekeeper/stderr_eeeb0579cd9d455f9c4d79ed2b46cb1c.
2025-07-26T22:40:20.7308673Z Opening named pipe /podr/container/pipe/d125043075ad_scorekeeper/stderr_eeeb0579cd9d455f9c4d79ed2b46cb1c for reading in non-blocking mode.
2025-07-26T22:40:20.7312435Z Successfully opened named pipe: /podr/container/pipe/d125043075ad_scorekeeper/stderr_eeeb0579cd9d455f9c4d79ed2b46cb1c.
2025-07-26T22:40:20.7499375Z Successfully removed non-blocking flag from /podr/container/pipe/d125043075ad_scorekeeper/stderr_eeeb0579cd9d455f9c4d79ed2b46cb1c.
2025-07-26T22:40:20.7502643Z Creating container with image: appsvc/node:20-lts_20250506.5.tuxprod from registry: 10.1.0.4:13209 and fully qualified image name: 10.1.0.4:13209/appsvc/node:20-lts_20250506.5.tuxprod
2025-07-26T22:40:21.7707588Z Starting container: d125043075ad_scorekeeper.
2025-07-26T22:40:21.8891630Z Starting watchers and probes.
2025-07-26T22:40:21.9270185Z Starting metrics collection.
2025-07-26T22:40:21.9289652Z Container is running.
2025-07-26T22:40:23.0956778Z Container start method finished after 4560 ms.
2025-07-26T22:40:51.3692227Z Site startup probe succeeded after 28.1239514 seconds.
2025-07-26T22:40:51.4904831Z Site started.
2025-07-26T22:40:51.5056936Z Site is running with deployment version: c470b53b-3f92-41b8-893f-841cc9e80718
2025-07-26T22:41:11.5621443Z Container is terminating. Grace period: 5 seconds.
2025-07-26T22:41:11.6005091Z Stop and delete container. Retry count = 0
2025-07-26T22:41:11.6017818Z Stopping container: 87a5f714dc8f_scorekeeper.
2025-07-26T22:41:11.8419824Z Deleting container: 87a5f714dc8f_scorekeeper. Retry count = 0
2025-07-26T22:41:13.1181409Z Container spec TerminationMessagePolicy  path 
2025-07-26T22:41:13.1210763Z Container is terminated. Total time elapsed: 1557 ms.
2025-07-26T22:41:13.1287814Z Site: scorekeeper stopped.
2025-07-26T22:42:59.7566796Z Container start method called.
2025-07-26T22:42:59.7745221Z Establishing network.
2025-07-26T22:42:59.7751991Z Pulling image: appsvc/node:20-lts_20250506.5.tuxprod.
2025-07-26T22:43:00.7412450Z Container is starting.
2025-07-26T22:43:00.7484354Z Establishing user namespace if not established already.
2025-07-26T22:43:00.7498313Z Establishing network if not established already.
2025-07-26T22:43:00.7517416Z Mounting volumes.
2025-07-26T22:43:00.7599059Z Nested mountpoint 
2025-07-26T22:43:00.8120438Z Nested mountpoint volatile/logs
2025-07-26T22:43:00.8390321Z Nested mountpoint 
2025-07-26T22:43:00.8585709Z Nested mountpoint 
2025-07-26T22:43:00.9107605Z Nested mountpoint 
2025-07-26T22:43:02.1773922Z Creating container.
2025-07-26T22:43:02.1779291Z Creating pipes for streaming container io.
2025-07-26T22:43:02.1784497Z Creating stdout named pipe at /podr/container/pipe/7edb4328750a_scorekeeper/stdout_4fd4581403b44fa68b066e0245742607.
2025-07-26T22:43:02.1790678Z Successfully created stdout named pipe at: /podr/container/pipe/7edb4328750a_scorekeeper/stdout_4fd4581403b44fa68b066e0245742607.
2025-07-26T22:43:02.1967977Z Opening named pipe /podr/container/pipe/7edb4328750a_scorekeeper/stdout_4fd4581403b44fa68b066e0245742607 for reading in non-blocking mode.
2025-07-26T22:43:02.1988579Z Successfully opened named pipe: /podr/container/pipe/7edb4328750a_scorekeeper/stdout_4fd4581403b44fa68b066e0245742607.
2025-07-26T22:43:02.2076556Z Successfully removed non-blocking flag from /podr/container/pipe/7edb4328750a_scorekeeper/stdout_4fd4581403b44fa68b066e0245742607.
2025-07-26T22:43:02.2089161Z Creating stderr named pipe at /podr/container/pipe/7edb4328750a_scorekeeper/stderr_10032ec5fd2c4c37aa281084077c12c3.
2025-07-26T22:43:02.2162935Z Successfully created stderr named pipe at: /podr/container/pipe/7edb4328750a_scorekeeper/stderr_10032ec5fd2c4c37aa281084077c12c3.
2025-07-26T22:43:02.2173403Z Opening named pipe /podr/container/pipe/7edb4328750a_scorekeeper/stderr_10032ec5fd2c4c37aa281084077c12c3 for reading in non-blocking mode.
2025-07-26T22:43:02.2183446Z Successfully opened named pipe: /podr/container/pipe/7edb4328750a_scorekeeper/stderr_10032ec5fd2c4c37aa281084077c12c3.
2025-07-26T22:43:02.2192777Z Successfully removed non-blocking flag from /podr/container/pipe/7edb4328750a_scorekeeper/stderr_10032ec5fd2c4c37aa281084077c12c3.
2025-07-26T22:43:02.2260727Z Creating container with image: appsvc/node:20-lts_20250506.5.tuxprod from registry: 10.1.0.4:13209 and fully qualified image name: 10.1.0.4:13209/appsvc/node:20-lts_20250506.5.tuxprod
2025-07-26T22:43:02.8819995Z Starting container: 7edb4328750a_scorekeeper.
2025-07-26T22:43:02.9553964Z Starting watchers and probes.
2025-07-26T22:43:02.9649477Z Starting metrics collection.
2025-07-26T22:43:03.0028943Z Container is running.
2025-07-26T22:43:04.0502787Z Container start method finished after 4282 ms.
2025-07-26T22:43:35.1812323Z Site startup probe succeeded after 31.1000631 seconds.
2025-07-26T22:43:35.3122807Z Site started.
2025-07-26T22:43:35.3546987Z Site is running with deployment version: c4307e96-9aba-4313-9ba7-f9f283bf781c
2025-07-26T22:43:55.4552178Z Container is terminating. Grace period: 5 seconds.
2025-07-26T22:43:55.4869514Z Stop and delete container. Retry count = 0
2025-07-26T22:43:55.4871360Z Stopping container: d125043075ad_scorekeeper.
2025-07-26T22:43:55.6966976Z Deleting container: d125043075ad_scorekeeper. Retry count = 0
2025-07-26T22:43:57.3598715Z Container spec TerminationMessagePolicy  path 
2025-07-26T22:43:57.3608789Z Container is terminated. Total time elapsed: 1905 ms.
2025-07-26T22:43:57.3609264Z Site: scorekeeper stopped.
